{"C:\\Users\\natha\\OneDrive\\Documents\\GitHub\\CS464-Group-Project\\react_client\\src\\App.jsx": {"path":"C:\\Users\\natha\\OneDrive\\Documents\\GitHub\\CS464-Group-Project\\react_client\\src\\App.jsx","statementMap":{"0":{"start":{"line":16,"column":2},"end":{"line":29,"column":4}}},"fnMap":{"0":{"name":"App","decl":{"start":{"line":15,"column":9},"end":{"line":15,"column":12}},"loc":{"start":{"line":15,"column":15},"end":{"line":30,"column":1}},"line":15}},"branchMap":{},"s":{"0":0},"f":{"0":0},"b":{}}
,"C:\\Users\\natha\\OneDrive\\Documents\\GitHub\\CS464-Group-Project\\react_client\\src\\main.jsx": {"path":"C:\\Users\\natha\\OneDrive\\Documents\\GitHub\\CS464-Group-Project\\react_client\\src\\main.jsx","statementMap":{"0":{"start":{"line":13,"column":0},"end":{"line":17,"column":2}}},"fnMap":{},"branchMap":{},"s":{"0":0},"f":{},"b":{}}
,"C:\\Users\\natha\\OneDrive\\Documents\\GitHub\\CS464-Group-Project\\react_client\\src\\api\\expressQueryAPI.jsx": {"path":"C:\\Users\\natha\\OneDrive\\Documents\\GitHub\\CS464-Group-Project\\react_client\\src\\api\\expressQueryAPI.jsx","statementMap":{"0":{"start":{"line":23,"column":2},"end":{"line":41,"column":3}},"1":{"start":{"line":24,"column":4},"end":{"line":38,"column":9}},"2":{"start":{"line":34,"column":8},"end":{"line":34,"column":34}},"3":{"start":{"line":37,"column":8},"end":{"line":37,"column":76}},"4":{"start":{"line":40,"column":4},"end":{"line":40,"column":33}}},"fnMap":{"0":{"name":"expressQueryAPI","decl":{"start":{"line":22,"column":30},"end":{"line":22,"column":45}},"loc":{"start":{"line":22,"column":53},"end":{"line":42,"column":1}},"line":22},"1":{"name":"(anonymous_1)","decl":{"start":{"line":33,"column":12},"end":{"line":33,"column":13}},"loc":{"start":{"line":33,"column":26},"end":{"line":35,"column":7}},"line":33},"2":{"name":"(anonymous_2)","decl":{"start":{"line":36,"column":13},"end":{"line":36,"column":14}},"loc":{"start":{"line":36,"column":24},"end":{"line":38,"column":7}},"line":36}},"branchMap":{},"s":{"0":0,"1":0,"2":0,"3":0,"4":0},"f":{"0":0,"1":0,"2":0},"b":{}}
,"C:\\Users\\natha\\OneDrive\\Documents\\GitHub\\CS464-Group-Project\\react_client\\src\\api\\localStateAPI.jsx": {"path":"C:\\Users\\natha\\OneDrive\\Documents\\GitHub\\CS464-Group-Project\\react_client\\src\\api\\localStateAPI.jsx","statementMap":{"0":{"start":{"line":13,"column":2},"end":{"line":25,"column":7}},"1":{"start":{"line":16,"column":19},"end":{"line":16,"column":44}},"2":{"start":{"line":17,"column":6},"end":{"line":17,"column":38}},"3":{"start":{"line":18,"column":6},"end":{"line":18,"column":42}},"4":{"start":{"line":19,"column":6},"end":{"line":19,"column":25}},"5":{"start":{"line":20,"column":6},"end":{"line":20,"column":13}},"6":{"start":{"line":23,"column":6},"end":{"line":23,"column":67}},"7":{"start":{"line":24,"column":6},"end":{"line":24,"column":18}},"8":{"start":{"line":30,"column":2},"end":{"line":45,"column":7}},"9":{"start":{"line":41,"column":6},"end":{"line":41,"column":69}},"10":{"start":{"line":44,"column":6},"end":{"line":44,"column":63}}},"fnMap":{"0":{"name":"getLocalState","decl":{"start":{"line":7,"column":16},"end":{"line":7,"column":29}},"loc":{"start":{"line":12,"column":2},"end":{"line":26,"column":1}},"line":12},"1":{"name":"(anonymous_1)","decl":{"start":{"line":15,"column":10},"end":{"line":15,"column":11}},"loc":{"start":{"line":15,"column":24},"end":{"line":21,"column":5}},"line":15},"2":{"name":"(anonymous_2)","decl":{"start":{"line":22,"column":11},"end":{"line":22,"column":12}},"loc":{"start":{"line":22,"column":22},"end":{"line":25,"column":5}},"line":22},"3":{"name":"postLocalState","decl":{"start":{"line":29,"column":16},"end":{"line":29,"column":30}},"loc":{"start":{"line":29,"column":65},"end":{"line":46,"column":1}},"line":29},"4":{"name":"(anonymous_4)","decl":{"start":{"line":40,"column":10},"end":{"line":40,"column":11}},"loc":{"start":{"line":40,"column":24},"end":{"line":42,"column":5}},"line":40},"5":{"name":"(anonymous_5)","decl":{"start":{"line":43,"column":11},"end":{"line":43,"column":12}},"loc":{"start":{"line":43,"column":22},"end":{"line":45,"column":5}},"line":43}},"branchMap":{},"s":{"0":0,"1":0,"2":0,"3":0,"4":0,"5":0,"6":0,"7":0,"8":0,"9":0,"10":0},"f":{"0":0,"1":0,"2":0,"3":0,"4":0,"5":0},"b":{}}
,"C:\\Users\\natha\\OneDrive\\Documents\\GitHub\\CS464-Group-Project\\react_client\\src\\components\\Header.jsx": {"path":"C:\\Users\\natha\\OneDrive\\Documents\\GitHub\\CS464-Group-Project\\react_client\\src\\components\\Header.jsx","statementMap":{"0":{"start":{"line":9,"column":2},"end":{"line":27,"column":4}}},"fnMap":{"0":{"name":"Header","decl":{"start":{"line":8,"column":24},"end":{"line":8,"column":30}},"loc":{"start":{"line":8,"column":33},"end":{"line":28,"column":1}},"line":8}},"branchMap":{},"s":{"0":0},"f":{"0":0},"b":{}}
,"C:\\Users\\natha\\OneDrive\\Documents\\GitHub\\CS464-Group-Project\\react_client\\src\\components\\Sidebar.jsx": {"path":"C:\\Users\\natha\\OneDrive\\Documents\\GitHub\\CS464-Group-Project\\react_client\\src\\components\\Sidebar.jsx","statementMap":{"0":{"start":{"line":5,"column":41},"end":{"line":5,"column":50}},"1":{"start":{"line":6,"column":2},"end":{"line":68,"column":4}},"2":{"start":{"line":14,"column":26},"end":{"line":14,"column":60}},"3":{"start":{"line":21,"column":26},"end":{"line":21,"column":60}},"4":{"start":{"line":28,"column":26},"end":{"line":28,"column":60}},"5":{"start":{"line":39,"column":26},"end":{"line":39,"column":60}},"6":{"start":{"line":46,"column":26},"end":{"line":46,"column":60}}},"fnMap":{"0":{"name":"Sidebar","decl":{"start":{"line":4,"column":24},"end":{"line":4,"column":31}},"loc":{"start":{"line":4,"column":70},"end":{"line":69,"column":1}},"line":4},"1":{"name":"(anonymous_1)","decl":{"start":{"line":14,"column":19},"end":{"line":14,"column":20}},"loc":{"start":{"line":14,"column":26},"end":{"line":14,"column":60}},"line":14},"2":{"name":"(anonymous_2)","decl":{"start":{"line":21,"column":19},"end":{"line":21,"column":20}},"loc":{"start":{"line":21,"column":26},"end":{"line":21,"column":60}},"line":21},"3":{"name":"(anonymous_3)","decl":{"start":{"line":28,"column":19},"end":{"line":28,"column":20}},"loc":{"start":{"line":28,"column":26},"end":{"line":28,"column":60}},"line":28},"4":{"name":"(anonymous_4)","decl":{"start":{"line":39,"column":19},"end":{"line":39,"column":20}},"loc":{"start":{"line":39,"column":26},"end":{"line":39,"column":60}},"line":39},"5":{"name":"(anonymous_5)","decl":{"start":{"line":46,"column":19},"end":{"line":46,"column":20}},"loc":{"start":{"line":46,"column":26},"end":{"line":46,"column":60}},"line":46}},"branchMap":{"0":{"loc":{"start":{"line":52,"column":9},"end":{"line":56,"column":16}},"type":"cond-expr","locations":[{"start":{"line":53,"column":10},"end":{"line":55,"column":14}},{"start":{"line":56,"column":12},"end":{"line":56,"column":16}}],"line":52},"1":{"loc":{"start":{"line":54,"column":13},"end":{"line":54,"column":86}},"type":"cond-expr","locations":[{"start":{"line":54,"column":55},"end":{"line":54,"column":69}},{"start":{"line":54,"column":72},"end":{"line":54,"column":86}}],"line":54},"2":{"loc":{"start":{"line":57,"column":9},"end":{"line":65,"column":9}},"type":"cond-expr","locations":[{"start":{"line":58,"column":10},"end":{"line":60,"column":19}},{"start":{"line":62,"column":10},"end":{"line":64,"column":19}}],"line":57}},"s":{"0":0,"1":0,"2":0,"3":0,"4":0,"5":0,"6":0},"f":{"0":0,"1":0,"2":0,"3":0,"4":0,"5":0},"b":{"0":[0,0],"1":[0,0],"2":[0,0]}}
,"C:\\Users\\natha\\OneDrive\\Documents\\GitHub\\CS464-Group-Project\\react_client\\src\\components\\animation\\Animation.jsx": {"path":"C:\\Users\\natha\\OneDrive\\Documents\\GitHub\\CS464-Group-Project\\react_client\\src\\components\\animation\\Animation.jsx","statementMap":{"0":{"start":{"line":5,"column":2},"end":{"line":13,"column":4}}},"fnMap":{"0":{"name":"SpinAnimation","decl":{"start":{"line":4,"column":24},"end":{"line":4,"column":37}},"loc":{"start":{"line":4,"column":40},"end":{"line":14,"column":1}},"line":4}},"branchMap":{},"s":{"0":0},"f":{"0":0},"b":{}}
,"C:\\Users\\natha\\OneDrive\\Documents\\GitHub\\CS464-Group-Project\\react_client\\src\\components\\card\\Card.jsx": {"path":"C:\\Users\\natha\\OneDrive\\Documents\\GitHub\\CS464-Group-Project\\react_client\\src\\components\\card\\Card.jsx","statementMap":{"0":{"start":{"line":23,"column":15},"end":{"line":27,"column":1}},"1":{"start":{"line":24,"column":2},"end":{"line":26,"column":3}},"2":{"start":{"line":25,"column":4},"end":{"line":25,"column":32}},"3":{"start":{"line":29,"column":16},"end":{"line":37,"column":1}},"4":{"start":{"line":34,"column":2},"end":{"line":36,"column":3}},"5":{"start":{"line":35,"column":4},"end":{"line":35,"column":32}},"6":{"start":{"line":40,"column":36},"end":{"line":40,"column":47}},"7":{"start":{"line":41,"column":34},"end":{"line":41,"column":45}},"8":{"start":{"line":42,"column":34},"end":{"line":42,"column":46}},"9":{"start":{"line":43,"column":30},"end":{"line":43,"column":45}},"10":{"start":{"line":44,"column":36},"end":{"line":44,"column":50}},"11":{"start":{"line":47,"column":2},"end":{"line":59,"column":18}},"12":{"start":{"line":48,"column":4},"end":{"line":48,"column":38}},"13":{"start":{"line":49,"column":4},"end":{"line":49,"column":26}},"14":{"start":{"line":51,"column":26},"end":{"line":51,"column":60}},"15":{"start":{"line":52,"column":25},"end":{"line":52,"column":45}},"16":{"start":{"line":53,"column":6},"end":{"line":56,"column":7}},"17":{"start":{"line":54,"column":8},"end":{"line":54,"column":58}},"18":{"start":{"line":55,"column":8},"end":{"line":55,"column":24}},"19":{"start":{"line":58,"column":4},"end":{"line":58,"column":16}},"20":{"start":{"line":61,"column":2},"end":{"line":63,"column":13}},"21":{"start":{"line":62,"column":4},"end":{"line":62,"column":29}},"22":{"start":{"line":65,"column":2},"end":{"line":67,"column":3}},"23":{"start":{"line":66,"column":4},"end":{"line":66,"column":29}},"24":{"start":{"line":69,"column":2},"end":{"line":101,"column":4}},"25":{"start":{"line":79,"column":31},"end":{"line":79,"column":62}},"26":{"start":{"line":93,"column":18},"end":{"line":93,"column":67}}},"fnMap":{"0":{"name":"decrementCardIndex","decl":{"start":{"line":23,"column":24},"end":{"line":23,"column":42}},"loc":{"start":{"line":23,"column":68},"end":{"line":27,"column":1}},"line":23},"1":{"name":"incrementCardIndex","decl":{"start":{"line":29,"column":25},"end":{"line":29,"column":43}},"loc":{"start":{"line":33,"column":2},"end":{"line":37,"column":1}},"line":33},"2":{"name":"Cards","decl":{"start":{"line":39,"column":24},"end":{"line":39,"column":29}},"loc":{"start":{"line":39,"column":32},"end":{"line":102,"column":1}},"line":39},"3":{"name":"(anonymous_3)","decl":{"start":{"line":47,"column":12},"end":{"line":47,"column":13}},"loc":{"start":{"line":47,"column":18},"end":{"line":59,"column":3}},"line":47},"4":{"name":"fetchData","decl":{"start":{"line":50,"column":19},"end":{"line":50,"column":28}},"loc":{"start":{"line":50,"column":31},"end":{"line":57,"column":5}},"line":50},"5":{"name":"(anonymous_5)","decl":{"start":{"line":61,"column":13},"end":{"line":61,"column":14}},"loc":{"start":{"line":61,"column":19},"end":{"line":63,"column":3}},"line":61},"6":{"name":"(anonymous_6)","decl":{"start":{"line":79,"column":25},"end":{"line":79,"column":26}},"loc":{"start":{"line":79,"column":31},"end":{"line":79,"column":62}},"line":79},"7":{"name":"(anonymous_7)","decl":{"start":{"line":92,"column":25},"end":{"line":92,"column":26}},"loc":{"start":{"line":93,"column":18},"end":{"line":93,"column":67}},"line":93}},"branchMap":{"0":{"loc":{"start":{"line":24,"column":2},"end":{"line":26,"column":3}},"type":"if","locations":[{"start":{"line":24,"column":2},"end":{"line":26,"column":3}},{"start":{},"end":{}}],"line":24},"1":{"loc":{"start":{"line":34,"column":2},"end":{"line":36,"column":3}},"type":"if","locations":[{"start":{"line":34,"column":2},"end":{"line":36,"column":3}},{"start":{},"end":{}}],"line":34},"2":{"loc":{"start":{"line":53,"column":6},"end":{"line":56,"column":7}},"type":"if","locations":[{"start":{"line":53,"column":6},"end":{"line":56,"column":7}},{"start":{},"end":{}}],"line":53},"3":{"loc":{"start":{"line":53,"column":10},"end":{"line":53,"column":35}},"type":"binary-expr","locations":[{"start":{"line":53,"column":10},"end":{"line":53,"column":21}},{"start":{"line":53,"column":25},"end":{"line":53,"column":35}}],"line":53},"4":{"loc":{"start":{"line":65,"column":2},"end":{"line":67,"column":3}},"type":"if","locations":[{"start":{"line":65,"column":2},"end":{"line":67,"column":3}},{"start":{},"end":{}}],"line":65},"5":{"loc":{"start":{"line":71,"column":7},"end":{"line":99,"column":7}},"type":"binary-expr","locations":[{"start":{"line":71,"column":7},"end":{"line":71,"column":13}},{"start":{"line":72,"column":8},"end":{"line":98,"column":11}}],"line":71},"6":{"loc":{"start":{"line":75,"column":11},"end":{"line":82,"column":11}},"type":"binary-expr","locations":[{"start":{"line":75,"column":11},"end":{"line":75,"column":24}},{"start":{"line":76,"column":12},"end":{"line":81,"column":19}}],"line":75},"7":{"loc":{"start":{"line":88,"column":11},"end":{"line":97,"column":11}},"type":"binary-expr","locations":[{"start":{"line":88,"column":11},"end":{"line":88,"column":44}},{"start":{"line":89,"column":12},"end":{"line":96,"column":19}}],"line":88}},"s":{"0":0,"1":0,"2":0,"3":0,"4":0,"5":0,"6":0,"7":0,"8":0,"9":0,"10":0,"11":0,"12":0,"13":0,"14":0,"15":0,"16":0,"17":0,"18":0,"19":0,"20":0,"21":0,"22":0,"23":0,"24":0,"25":0,"26":0},"f":{"0":0,"1":0,"2":0,"3":0,"4":0,"5":0,"6":0,"7":0},"b":{"0":[0,0],"1":[0,0],"2":[0,0],"3":[0,0],"4":[0,0],"5":[0,0],"6":[0,0],"7":[0,0]}}
,"C:\\Users\\natha\\OneDrive\\Documents\\GitHub\\CS464-Group-Project\\react_client\\src\\components\\nav_layout\\Layout.jsx": {"path":"C:\\Users\\natha\\OneDrive\\Documents\\GitHub\\CS464-Group-Project\\react_client\\src\\components\\nav_layout\\Layout.jsx","statementMap":{"0":{"start":{"line":26,"column":15},"end":{"line":75,"column":1}},"1":{"start":{"line":27,"column":2},"end":{"line":74,"column":4}}},"fnMap":{"0":{"name":"(anonymous_0)","decl":{"start":{"line":26,"column":15},"end":{"line":26,"column":16}},"loc":{"start":{"line":26,"column":21},"end":{"line":75,"column":1}},"line":26}},"branchMap":{},"s":{"0":0,"1":0},"f":{"0":0},"b":{}}
,"C:\\Users\\natha\\OneDrive\\Documents\\GitHub\\CS464-Group-Project\\react_client\\src\\context(s)\\AuthContext.jsx": {"path":"C:\\Users\\natha\\OneDrive\\Documents\\GitHub\\CS464-Group-Project\\react_client\\src\\context(s)\\AuthContext.jsx","statementMap":{"0":{"start":{"line":3,"column":20},"end":{"line":3,"column":35}},"1":{"start":{"line":5,"column":23},"end":{"line":7,"column":1}},"2":{"start":{"line":6,"column":2},"end":{"line":6,"column":33}},"3":{"start":{"line":9,"column":28},"end":{"line":29,"column":1}},"4":{"start":{"line":10,"column":40},"end":{"line":10,"column":54}},"5":{"start":{"line":12,"column":16},"end":{"line":15,"column":3}},"6":{"start":{"line":13,"column":4},"end":{"line":13,"column":54}},"7":{"start":{"line":14,"column":4},"end":{"line":14,"column":49}},"8":{"start":{"line":17,"column":17},"end":{"line":20,"column":3}},"9":{"start":{"line":18,"column":4},"end":{"line":18,"column":33}},"10":{"start":{"line":19,"column":4},"end":{"line":19,"column":25}},"11":{"start":{"line":22,"column":16},"end":{"line":26,"column":3}},"12":{"start":{"line":28,"column":2},"end":{"line":28,"column":79}}},"fnMap":{"0":{"name":"(anonymous_0)","decl":{"start":{"line":5,"column":23},"end":{"line":5,"column":24}},"loc":{"start":{"line":5,"column":29},"end":{"line":7,"column":1}},"line":5},"1":{"name":"(anonymous_1)","decl":{"start":{"line":9,"column":28},"end":{"line":9,"column":29}},"loc":{"start":{"line":9,"column":46},"end":{"line":29,"column":1}},"line":9},"2":{"name":"(anonymous_2)","decl":{"start":{"line":12,"column":16},"end":{"line":12,"column":17}},"loc":{"start":{"line":12,"column":37},"end":{"line":15,"column":3}},"line":12},"3":{"name":"(anonymous_3)","decl":{"start":{"line":17,"column":17},"end":{"line":17,"column":18}},"loc":{"start":{"line":17,"column":23},"end":{"line":20,"column":3}},"line":17}},"branchMap":{},"s":{"0":0,"1":0,"2":0,"3":0,"4":0,"5":0,"6":0,"7":0,"8":0,"9":0,"10":0,"11":0,"12":0},"f":{"0":0,"1":0,"2":0,"3":0},"b":{}}
,"C:\\Users\\natha\\OneDrive\\Documents\\GitHub\\CS464-Group-Project\\react_client\\src\\modules\\sortArray.js": {"path":"C:\\Users\\natha\\OneDrive\\Documents\\GitHub\\CS464-Group-Project\\react_client\\src\\modules\\sortArray.js","statementMap":{"0":{"start":{"line":2,"column":25},"end":{"line":7,"column":1}},"1":{"start":{"line":3,"column":2},"end":{"line":3,"column":47}},"2":{"start":{"line":4,"column":2},"end":{"line":6,"column":5}},"3":{"start":{"line":5,"column":4},"end":{"line":5,"column":27}},"4":{"start":{"line":10,"column":25},"end":{"line":15,"column":1}},"5":{"start":{"line":11,"column":2},"end":{"line":11,"column":47}},"6":{"start":{"line":12,"column":2},"end":{"line":14,"column":5}},"7":{"start":{"line":13,"column":4},"end":{"line":13,"column":27}}},"fnMap":{"0":{"name":"sortArrayByNumberValueHighToLow","decl":{"start":{"line":2,"column":34},"end":{"line":2,"column":65}},"loc":{"start":{"line":2,"column":78},"end":{"line":7,"column":1}},"line":2},"1":{"name":"(anonymous_1)","decl":{"start":{"line":4,"column":20},"end":{"line":4,"column":21}},"loc":{"start":{"line":4,"column":30},"end":{"line":6,"column":3}},"line":4},"2":{"name":"sortArrayByNumberValueLowToHigh","decl":{"start":{"line":10,"column":34},"end":{"line":10,"column":65}},"loc":{"start":{"line":10,"column":78},"end":{"line":15,"column":1}},"line":10},"3":{"name":"(anonymous_3)","decl":{"start":{"line":12,"column":20},"end":{"line":12,"column":21}},"loc":{"start":{"line":12,"column":30},"end":{"line":14,"column":3}},"line":12}},"branchMap":{},"s":{"0":0,"1":0,"2":0,"3":0,"4":0,"5":0,"6":0,"7":0},"f":{"0":0,"1":0,"2":0,"3":0},"b":{}}
,"C:\\Users\\natha\\OneDrive\\Documents\\GitHub\\CS464-Group-Project\\react_client\\src\\modules\\themes.js": {"path":"C:\\Users\\natha\\OneDrive\\Documents\\GitHub\\CS464-Group-Project\\react_client\\src\\modules\\themes.js","statementMap":{"0":{"start":{"line":2,"column":29},"end":{"line":4,"column":1}},"1":{"start":{"line":3,"column":2},"end":{"line":3,"column":93}},"2":{"start":{"line":8,"column":25},"end":{"line":16,"column":1}},"3":{"start":{"line":9,"column":2},"end":{"line":15,"column":3}},"4":{"start":{"line":10,"column":4},"end":{"line":10,"column":26}},"5":{"start":{"line":11,"column":9},"end":{"line":15,"column":3}},"6":{"start":{"line":12,"column":4},"end":{"line":12,"column":25}},"7":{"start":{"line":14,"column":4},"end":{"line":14,"column":24}}},"fnMap":{"0":{"name":"fetchCryptoImagePngIcon","decl":{"start":{"line":2,"column":38},"end":{"line":2,"column":61}},"loc":{"start":{"line":2,"column":69},"end":{"line":4,"column":1}},"line":2},"1":{"name":"bootstrapTextColor","decl":{"start":{"line":8,"column":34},"end":{"line":8,"column":52}},"loc":{"start":{"line":8,"column":60},"end":{"line":16,"column":1}},"line":8}},"branchMap":{"0":{"loc":{"start":{"line":9,"column":2},"end":{"line":15,"column":3}},"type":"if","locations":[{"start":{"line":9,"column":2},"end":{"line":15,"column":3}},{"start":{"line":11,"column":9},"end":{"line":15,"column":3}}],"line":9},"1":{"loc":{"start":{"line":11,"column":9},"end":{"line":15,"column":3}},"type":"if","locations":[{"start":{"line":11,"column":9},"end":{"line":15,"column":3}},{"start":{"line":13,"column":9},"end":{"line":15,"column":3}}],"line":11}},"s":{"0":0,"1":0,"2":0,"3":0,"4":0,"5":0,"6":0,"7":0},"f":{"0":0,"1":0},"b":{"0":[0,0],"1":[0,0]}}
,"C:\\Users\\natha\\OneDrive\\Documents\\GitHub\\CS464-Group-Project\\react_client\\src\\modules\\utility.js": {"path":"C:\\Users\\natha\\OneDrive\\Documents\\GitHub\\CS464-Group-Project\\react_client\\src\\modules\\utility.js","statementMap":{"0":{"start":{"line":4,"column":31},"end":{"line":9,"column":1}},"1":{"start":{"line":5,"column":2},"end":{"line":5,"column":26}},"2":{"start":{"line":5,"column":14},"end":{"line":5,"column":26}},"3":{"start":{"line":6,"column":2},"end":{"line":8,"column":42}},"4":{"start":{"line":12,"column":36},"end":{"line":14,"column":1}},"5":{"start":{"line":13,"column":2},"end":{"line":13,"column":45}}},"fnMap":{"0":{"name":"setValueToFixedPrecision","decl":{"start":{"line":4,"column":40},"end":{"line":4,"column":64}},"loc":{"start":{"line":4,"column":72},"end":{"line":9,"column":1}},"line":4},"1":{"name":"setPercentageValueFixedTwo","decl":{"start":{"line":12,"column":45},"end":{"line":12,"column":71}},"loc":{"start":{"line":12,"column":79},"end":{"line":14,"column":1}},"line":12}},"branchMap":{"0":{"loc":{"start":{"line":5,"column":2},"end":{"line":5,"column":26}},"type":"if","locations":[{"start":{"line":5,"column":2},"end":{"line":5,"column":26}},{"start":{},"end":{}}],"line":5},"1":{"loc":{"start":{"line":6,"column":9},"end":{"line":8,"column":41}},"type":"cond-expr","locations":[{"start":{"line":7,"column":6},"end":{"line":7,"column":41}},{"start":{"line":8,"column":6},"end":{"line":8,"column":41}}],"line":6}},"s":{"0":0,"1":0,"2":0,"3":0,"4":0,"5":0},"f":{"0":0,"1":0},"b":{"0":[0,0],"1":[0,0]}}
,"C:\\Users\\natha\\OneDrive\\Documents\\GitHub\\CS464-Group-Project\\react_client\\src\\pages\\Main.jsx": {"path":"C:\\Users\\natha\\OneDrive\\Documents\\GitHub\\CS464-Group-Project\\react_client\\src\\pages\\Main.jsx","statementMap":{"0":{"start":{"line":16,"column":32},"end":{"line":16,"column":51}},"1":{"start":{"line":17,"column":36},"end":{"line":17,"column":55}},"2":{"start":{"line":19,"column":26},"end":{"line":35,"column":3}},"3":{"start":{"line":20,"column":4},"end":{"line":20,"column":23}},"4":{"start":{"line":21,"column":4},"end":{"line":34,"column":5}},"5":{"start":{"line":23,"column":8},"end":{"line":23,"column":32}},"6":{"start":{"line":24,"column":8},"end":{"line":24,"column":14}},"7":{"start":{"line":26,"column":8},"end":{"line":26,"column":46}},"8":{"start":{"line":27,"column":8},"end":{"line":27,"column":14}},"9":{"start":{"line":29,"column":8},"end":{"line":29,"column":53}},"10":{"start":{"line":30,"column":8},"end":{"line":30,"column":14}},"11":{"start":{"line":32,"column":8},"end":{"line":32,"column":31}},"12":{"start":{"line":33,"column":8},"end":{"line":33,"column":14}},"13":{"start":{"line":37,"column":26},"end":{"line":50,"column":3}},"14":{"start":{"line":38,"column":4},"end":{"line":38,"column":23}},"15":{"start":{"line":39,"column":4},"end":{"line":49,"column":5}},"16":{"start":{"line":41,"column":8},"end":{"line":41,"column":30}},"17":{"start":{"line":42,"column":8},"end":{"line":42,"column":14}},"18":{"start":{"line":44,"column":8},"end":{"line":44,"column":30}},"19":{"start":{"line":45,"column":8},"end":{"line":45,"column":14}},"20":{"start":{"line":47,"column":8},"end":{"line":47,"column":30}},"21":{"start":{"line":48,"column":8},"end":{"line":48,"column":14}},"22":{"start":{"line":52,"column":2},"end":{"line":69,"column":4}}},"fnMap":{"0":{"name":"Main","decl":{"start":{"line":15,"column":9},"end":{"line":15,"column":13}},"loc":{"start":{"line":15,"column":16},"end":{"line":70,"column":1}},"line":15},"1":{"name":"(anonymous_1)","decl":{"start":{"line":19,"column":26},"end":{"line":19,"column":27}},"loc":{"start":{"line":19,"column":40},"end":{"line":35,"column":3}},"line":19},"2":{"name":"(anonymous_2)","decl":{"start":{"line":37,"column":26},"end":{"line":37,"column":27}},"loc":{"start":{"line":37,"column":40},"end":{"line":50,"column":3}},"line":37}},"branchMap":{"0":{"loc":{"start":{"line":21,"column":4},"end":{"line":34,"column":5}},"type":"switch","locations":[{"start":{"line":22,"column":6},"end":{"line":24,"column":14}},{"start":{"line":25,"column":6},"end":{"line":27,"column":14}},{"start":{"line":28,"column":6},"end":{"line":30,"column":14}},{"start":{"line":31,"column":6},"end":{"line":33,"column":14}}],"line":21},"1":{"loc":{"start":{"line":39,"column":4},"end":{"line":49,"column":5}},"type":"switch","locations":[{"start":{"line":40,"column":6},"end":{"line":42,"column":14}},{"start":{"line":43,"column":6},"end":{"line":45,"column":14}},{"start":{"line":46,"column":6},"end":{"line":48,"column":14}}],"line":39}},"s":{"0":0,"1":0,"2":0,"3":0,"4":0,"5":0,"6":0,"7":0,"8":0,"9":0,"10":0,"11":0,"12":0,"13":0,"14":0,"15":0,"16":0,"17":0,"18":0,"19":0,"20":0,"21":0,"22":0},"f":{"0":0,"1":0,"2":0},"b":{"0":[0,0,0,0],"1":[0,0,0]}}
}
