{"C:\\Users\\natha\\Documents\\CS464-Group-Project\\react_client\\src\\App.jsx": {"path":"C:\\Users\\natha\\Documents\\CS464-Group-Project\\react_client\\src\\App.jsx","statementMap":{"0":{"start":{"line":15,"column":2},"end":{"line":26,"column":4}}},"fnMap":{"0":{"name":"App","decl":{"start":{"line":14,"column":9},"end":{"line":14,"column":12}},"loc":{"start":{"line":14,"column":15},"end":{"line":27,"column":1}},"line":14}},"branchMap":{},"s":{"0":0},"f":{"0":0},"b":{}}
,"C:\\Users\\natha\\Documents\\CS464-Group-Project\\react_client\\src\\main.jsx": {"path":"C:\\Users\\natha\\Documents\\CS464-Group-Project\\react_client\\src\\main.jsx","statementMap":{"0":{"start":{"line":9,"column":0},"end":{"line":13,"column":2}}},"fnMap":{},"branchMap":{},"s":{"0":0},"f":{},"b":{}}
,"C:\\Users\\natha\\Documents\\CS464-Group-Project\\react_client\\src\\api\\expressQueryAPI.jsx": {"path":"C:\\Users\\natha\\Documents\\CS464-Group-Project\\react_client\\src\\api\\expressQueryAPI.jsx","statementMap":{"0":{"start":{"line":3,"column":19},"end":{"line":3,"column":63}},"1":{"start":{"line":6,"column":2},"end":{"line":24,"column":3}},"2":{"start":{"line":7,"column":4},"end":{"line":21,"column":9}},"3":{"start":{"line":17,"column":8},"end":{"line":17,"column":34}},"4":{"start":{"line":20,"column":8},"end":{"line":20,"column":76}},"5":{"start":{"line":23,"column":4},"end":{"line":23,"column":33}}},"fnMap":{"0":{"name":"expressQueryAPI","decl":{"start":{"line":5,"column":30},"end":{"line":5,"column":45}},"loc":{"start":{"line":5,"column":53},"end":{"line":25,"column":1}},"line":5},"1":{"name":"(anonymous_1)","decl":{"start":{"line":16,"column":12},"end":{"line":16,"column":13}},"loc":{"start":{"line":16,"column":26},"end":{"line":18,"column":7}},"line":16},"2":{"name":"(anonymous_2)","decl":{"start":{"line":19,"column":13},"end":{"line":19,"column":14}},"loc":{"start":{"line":19,"column":24},"end":{"line":21,"column":7}},"line":19}},"branchMap":{},"s":{"0":0,"1":0,"2":0,"3":0,"4":0,"5":0},"f":{"0":0,"1":0,"2":0},"b":{}}
,"C:\\Users\\natha\\Documents\\CS464-Group-Project\\react_client\\src\\api\\localStateAPI.jsx": {"path":"C:\\Users\\natha\\Documents\\CS464-Group-Project\\react_client\\src\\api\\localStateAPI.jsx","statementMap":{"0":{"start":{"line":10,"column":2},"end":{"line":22,"column":7}},"1":{"start":{"line":13,"column":19},"end":{"line":13,"column":44}},"2":{"start":{"line":14,"column":6},"end":{"line":14,"column":38}},"3":{"start":{"line":15,"column":6},"end":{"line":15,"column":42}},"4":{"start":{"line":16,"column":6},"end":{"line":16,"column":25}},"5":{"start":{"line":17,"column":6},"end":{"line":17,"column":13}},"6":{"start":{"line":20,"column":6},"end":{"line":20,"column":67}},"7":{"start":{"line":21,"column":6},"end":{"line":21,"column":18}},"8":{"start":{"line":27,"column":2},"end":{"line":42,"column":7}},"9":{"start":{"line":38,"column":6},"end":{"line":38,"column":69}},"10":{"start":{"line":41,"column":6},"end":{"line":41,"column":63}}},"fnMap":{"0":{"name":"getLocalState","decl":{"start":{"line":4,"column":16},"end":{"line":4,"column":29}},"loc":{"start":{"line":9,"column":2},"end":{"line":23,"column":1}},"line":9},"1":{"name":"(anonymous_1)","decl":{"start":{"line":12,"column":10},"end":{"line":12,"column":11}},"loc":{"start":{"line":12,"column":24},"end":{"line":18,"column":5}},"line":12},"2":{"name":"(anonymous_2)","decl":{"start":{"line":19,"column":11},"end":{"line":19,"column":12}},"loc":{"start":{"line":19,"column":22},"end":{"line":22,"column":5}},"line":19},"3":{"name":"postLocalState","decl":{"start":{"line":26,"column":16},"end":{"line":26,"column":30}},"loc":{"start":{"line":26,"column":65},"end":{"line":43,"column":1}},"line":26},"4":{"name":"(anonymous_4)","decl":{"start":{"line":37,"column":10},"end":{"line":37,"column":11}},"loc":{"start":{"line":37,"column":24},"end":{"line":39,"column":5}},"line":37},"5":{"name":"(anonymous_5)","decl":{"start":{"line":40,"column":11},"end":{"line":40,"column":12}},"loc":{"start":{"line":40,"column":22},"end":{"line":42,"column":5}},"line":40}},"branchMap":{},"s":{"0":0,"1":0,"2":0,"3":0,"4":0,"5":0,"6":0,"7":0,"8":0,"9":0,"10":0},"f":{"0":0,"1":0,"2":0,"3":0,"4":0,"5":0},"b":{}}
,"C:\\Users\\natha\\Documents\\CS464-Group-Project\\react_client\\src\\components\\Header.jsx": {"path":"C:\\Users\\natha\\Documents\\CS464-Group-Project\\react_client\\src\\components\\Header.jsx","statementMap":{"0":{"start":{"line":9,"column":2},"end":{"line":25,"column":4}}},"fnMap":{"0":{"name":"Header","decl":{"start":{"line":8,"column":24},"end":{"line":8,"column":30}},"loc":{"start":{"line":8,"column":33},"end":{"line":26,"column":1}},"line":8}},"branchMap":{},"s":{"0":0},"f":{"0":0},"b":{}}
,"C:\\Users\\natha\\Documents\\CS464-Group-Project\\react_client\\src\\components\\Sidebar.jsx": {"path":"C:\\Users\\natha\\Documents\\CS464-Group-Project\\react_client\\src\\components\\Sidebar.jsx","statementMap":{"0":{"start":{"line":13,"column":41},"end":{"line":13,"column":50}},"1":{"start":{"line":14,"column":2},"end":{"line":93,"column":4}},"2":{"start":{"line":26,"column":26},"end":{"line":26,"column":60}},"3":{"start":{"line":29,"column":28},"end":{"line":29,"column":55}},"4":{"start":{"line":36,"column":26},"end":{"line":36,"column":60}},"5":{"start":{"line":39,"column":28},"end":{"line":39,"column":60}},"6":{"start":{"line":46,"column":26},"end":{"line":46,"column":60}},"7":{"start":{"line":49,"column":28},"end":{"line":49,"column":62}},"8":{"start":{"line":59,"column":26},"end":{"line":59,"column":60}},"9":{"start":{"line":62,"column":28},"end":{"line":62,"column":54}},"10":{"start":{"line":69,"column":26},"end":{"line":69,"column":60}},"11":{"start":{"line":72,"column":28},"end":{"line":72,"column":55}}},"fnMap":{"0":{"name":"Sidebar","decl":{"start":{"line":12,"column":24},"end":{"line":12,"column":31}},"loc":{"start":{"line":12,"column":70},"end":{"line":94,"column":1}},"line":12},"1":{"name":"(anonymous_1)","decl":{"start":{"line":26,"column":19},"end":{"line":26,"column":20}},"loc":{"start":{"line":26,"column":26},"end":{"line":26,"column":60}},"line":26},"2":{"name":"(anonymous_2)","decl":{"start":{"line":29,"column":21},"end":{"line":29,"column":22}},"loc":{"start":{"line":29,"column":28},"end":{"line":29,"column":55}},"line":29},"3":{"name":"(anonymous_3)","decl":{"start":{"line":36,"column":19},"end":{"line":36,"column":20}},"loc":{"start":{"line":36,"column":26},"end":{"line":36,"column":60}},"line":36},"4":{"name":"(anonymous_4)","decl":{"start":{"line":39,"column":21},"end":{"line":39,"column":22}},"loc":{"start":{"line":39,"column":28},"end":{"line":39,"column":60}},"line":39},"5":{"name":"(anonymous_5)","decl":{"start":{"line":46,"column":19},"end":{"line":46,"column":20}},"loc":{"start":{"line":46,"column":26},"end":{"line":46,"column":60}},"line":46},"6":{"name":"(anonymous_6)","decl":{"start":{"line":49,"column":21},"end":{"line":49,"column":22}},"loc":{"start":{"line":49,"column":28},"end":{"line":49,"column":62}},"line":49},"7":{"name":"(anonymous_7)","decl":{"start":{"line":59,"column":19},"end":{"line":59,"column":20}},"loc":{"start":{"line":59,"column":26},"end":{"line":59,"column":60}},"line":59},"8":{"name":"(anonymous_8)","decl":{"start":{"line":62,"column":21},"end":{"line":62,"column":22}},"loc":{"start":{"line":62,"column":28},"end":{"line":62,"column":54}},"line":62},"9":{"name":"(anonymous_9)","decl":{"start":{"line":69,"column":19},"end":{"line":69,"column":20}},"loc":{"start":{"line":69,"column":26},"end":{"line":69,"column":60}},"line":69},"10":{"name":"(anonymous_10)","decl":{"start":{"line":72,"column":21},"end":{"line":72,"column":22}},"loc":{"start":{"line":72,"column":28},"end":{"line":72,"column":55}},"line":72}},"branchMap":{"0":{"loc":{"start":{"line":77,"column":9},"end":{"line":81,"column":16}},"type":"cond-expr","locations":[{"start":{"line":78,"column":10},"end":{"line":80,"column":14}},{"start":{"line":81,"column":12},"end":{"line":81,"column":16}}],"line":77},"1":{"loc":{"start":{"line":79,"column":13},"end":{"line":79,"column":78}},"type":"cond-expr","locations":[{"start":{"line":79,"column":51},"end":{"line":79,"column":65}},{"start":{"line":79,"column":68},"end":{"line":79,"column":78}}],"line":79},"2":{"loc":{"start":{"line":82,"column":9},"end":{"line":90,"column":9}},"type":"cond-expr","locations":[{"start":{"line":83,"column":10},"end":{"line":85,"column":19}},{"start":{"line":87,"column":10},"end":{"line":89,"column":19}}],"line":82}},"s":{"0":0,"1":0,"2":0,"3":0,"4":0,"5":0,"6":0,"7":0,"8":0,"9":0,"10":0,"11":0},"f":{"0":0,"1":0,"2":0,"3":0,"4":0,"5":0,"6":0,"7":0,"8":0,"9":0,"10":0},"b":{"0":[0,0],"1":[0,0],"2":[0,0]}}
,"C:\\Users\\natha\\Documents\\CS464-Group-Project\\react_client\\src\\components\\animation\\Animation.jsx": {"path":"C:\\Users\\natha\\Documents\\CS464-Group-Project\\react_client\\src\\components\\animation\\Animation.jsx","statementMap":{"0":{"start":{"line":5,"column":2},"end":{"line":13,"column":4}}},"fnMap":{"0":{"name":"SpinAnimation","decl":{"start":{"line":4,"column":24},"end":{"line":4,"column":37}},"loc":{"start":{"line":4,"column":40},"end":{"line":14,"column":1}},"line":4}},"branchMap":{},"s":{"0":0},"f":{"0":0},"b":{}}
,"C:\\Users\\natha\\Documents\\CS464-Group-Project\\react_client\\src\\components\\card\\Card.jsx": {"path":"C:\\Users\\natha\\Documents\\CS464-Group-Project\\react_client\\src\\components\\card\\Card.jsx","statementMap":{"0":{"start":{"line":23,"column":15},"end":{"line":27,"column":1}},"1":{"start":{"line":24,"column":2},"end":{"line":26,"column":3}},"2":{"start":{"line":25,"column":4},"end":{"line":25,"column":32}},"3":{"start":{"line":29,"column":16},"end":{"line":37,"column":1}},"4":{"start":{"line":34,"column":2},"end":{"line":36,"column":3}},"5":{"start":{"line":35,"column":4},"end":{"line":35,"column":32}},"6":{"start":{"line":40,"column":36},"end":{"line":40,"column":47}},"7":{"start":{"line":41,"column":34},"end":{"line":41,"column":45}},"8":{"start":{"line":42,"column":34},"end":{"line":42,"column":46}},"9":{"start":{"line":43,"column":30},"end":{"line":43,"column":45}},"10":{"start":{"line":44,"column":36},"end":{"line":44,"column":50}},"11":{"start":{"line":47,"column":2},"end":{"line":58,"column":18}},"12":{"start":{"line":48,"column":4},"end":{"line":48,"column":26}},"13":{"start":{"line":50,"column":26},"end":{"line":50,"column":60}},"14":{"start":{"line":51,"column":25},"end":{"line":51,"column":45}},"15":{"start":{"line":52,"column":6},"end":{"line":55,"column":7}},"16":{"start":{"line":53,"column":8},"end":{"line":53,"column":58}},"17":{"start":{"line":54,"column":8},"end":{"line":54,"column":24}},"18":{"start":{"line":57,"column":4},"end":{"line":57,"column":16}},"19":{"start":{"line":60,"column":2},"end":{"line":62,"column":13}},"20":{"start":{"line":61,"column":4},"end":{"line":61,"column":29}},"21":{"start":{"line":64,"column":2},"end":{"line":66,"column":3}},"22":{"start":{"line":65,"column":4},"end":{"line":65,"column":29}},"23":{"start":{"line":68,"column":2},"end":{"line":98,"column":4}},"24":{"start":{"line":78,"column":31},"end":{"line":78,"column":62}},"25":{"start":{"line":90,"column":18},"end":{"line":90,"column":67}}},"fnMap":{"0":{"name":"decrementCardIndex","decl":{"start":{"line":23,"column":24},"end":{"line":23,"column":42}},"loc":{"start":{"line":23,"column":68},"end":{"line":27,"column":1}},"line":23},"1":{"name":"incrementCardIndex","decl":{"start":{"line":29,"column":25},"end":{"line":29,"column":43}},"loc":{"start":{"line":33,"column":2},"end":{"line":37,"column":1}},"line":33},"2":{"name":"Cards","decl":{"start":{"line":39,"column":24},"end":{"line":39,"column":29}},"loc":{"start":{"line":39,"column":32},"end":{"line":99,"column":1}},"line":39},"3":{"name":"(anonymous_3)","decl":{"start":{"line":47,"column":12},"end":{"line":47,"column":13}},"loc":{"start":{"line":47,"column":18},"end":{"line":58,"column":3}},"line":47},"4":{"name":"fetchData","decl":{"start":{"line":49,"column":19},"end":{"line":49,"column":28}},"loc":{"start":{"line":49,"column":31},"end":{"line":56,"column":5}},"line":49},"5":{"name":"(anonymous_5)","decl":{"start":{"line":60,"column":13},"end":{"line":60,"column":14}},"loc":{"start":{"line":60,"column":19},"end":{"line":62,"column":3}},"line":60},"6":{"name":"(anonymous_6)","decl":{"start":{"line":78,"column":25},"end":{"line":78,"column":26}},"loc":{"start":{"line":78,"column":31},"end":{"line":78,"column":62}},"line":78},"7":{"name":"(anonymous_7)","decl":{"start":{"line":89,"column":25},"end":{"line":89,"column":26}},"loc":{"start":{"line":90,"column":18},"end":{"line":90,"column":67}},"line":90}},"branchMap":{"0":{"loc":{"start":{"line":24,"column":2},"end":{"line":26,"column":3}},"type":"if","locations":[{"start":{"line":24,"column":2},"end":{"line":26,"column":3}},{"start":{},"end":{}}],"line":24},"1":{"loc":{"start":{"line":34,"column":2},"end":{"line":36,"column":3}},"type":"if","locations":[{"start":{"line":34,"column":2},"end":{"line":36,"column":3}},{"start":{},"end":{}}],"line":34},"2":{"loc":{"start":{"line":52,"column":6},"end":{"line":55,"column":7}},"type":"if","locations":[{"start":{"line":52,"column":6},"end":{"line":55,"column":7}},{"start":{},"end":{}}],"line":52},"3":{"loc":{"start":{"line":52,"column":10},"end":{"line":52,"column":35}},"type":"binary-expr","locations":[{"start":{"line":52,"column":10},"end":{"line":52,"column":21}},{"start":{"line":52,"column":25},"end":{"line":52,"column":35}}],"line":52},"4":{"loc":{"start":{"line":64,"column":2},"end":{"line":66,"column":3}},"type":"if","locations":[{"start":{"line":64,"column":2},"end":{"line":66,"column":3}},{"start":{},"end":{}}],"line":64},"5":{"loc":{"start":{"line":70,"column":7},"end":{"line":96,"column":7}},"type":"binary-expr","locations":[{"start":{"line":70,"column":7},"end":{"line":70,"column":13}},{"start":{"line":71,"column":8},"end":{"line":95,"column":11}}],"line":70},"6":{"loc":{"start":{"line":74,"column":11},"end":{"line":81,"column":11}},"type":"binary-expr","locations":[{"start":{"line":74,"column":11},"end":{"line":74,"column":24}},{"start":{"line":75,"column":12},"end":{"line":80,"column":19}}],"line":74},"7":{"loc":{"start":{"line":85,"column":11},"end":{"line":94,"column":11}},"type":"binary-expr","locations":[{"start":{"line":85,"column":11},"end":{"line":85,"column":44}},{"start":{"line":86,"column":12},"end":{"line":93,"column":19}}],"line":85}},"s":{"0":0,"1":0,"2":0,"3":0,"4":0,"5":0,"6":0,"7":0,"8":0,"9":0,"10":0,"11":0,"12":0,"13":0,"14":0,"15":0,"16":0,"17":0,"18":0,"19":0,"20":0,"21":0,"22":0,"23":0,"24":0,"25":0},"f":{"0":0,"1":0,"2":0,"3":0,"4":0,"5":0,"6":0,"7":0},"b":{"0":[0,0],"1":[0,0],"2":[0,0],"3":[0,0],"4":[0,0],"5":[0,0],"6":[0,0],"7":[0,0]}}
,"C:\\Users\\natha\\Documents\\CS464-Group-Project\\react_client\\src\\components\\card\\modules\\buildCards.jsx": {"path":"C:\\Users\\natha\\Documents\\CS464-Group-Project\\react_client\\src\\components\\card\\modules\\buildCards.jsx","statementMap":{"0":{"start":{"line":8,"column":18},"end":{"line":17,"column":1}},"1":{"start":{"line":9,"column":2},"end":{"line":16,"column":4}},"2":{"start":{"line":19,"column":17},"end":{"line":53,"column":1}},"3":{"start":{"line":20,"column":2},"end":{"line":52,"column":4}},"4":{"start":{"line":62,"column":19},"end":{"line":82,"column":1}},"5":{"start":{"line":63,"column":15},"end":{"line":63,"column":17}},"6":{"start":{"line":64,"column":14},"end":{"line":64,"column":15}},"7":{"start":{"line":66,"column":2},"end":{"line":73,"column":5}},"8":{"start":{"line":67,"column":4},"end":{"line":72,"column":6}},"9":{"start":{"line":75,"column":2},"end":{"line":81,"column":5}},"10":{"start":{"line":76,"column":4},"end":{"line":79,"column":5}},"11":{"start":{"line":77,"column":6},"end":{"line":77,"column":14}},"12":{"start":{"line":78,"column":6},"end":{"line":78,"column":18}},"13":{"start":{"line":80,"column":4},"end":{"line":80,"column":16}}},"fnMap":{"0":{"name":"buildCardImage","decl":{"start":{"line":8,"column":27},"end":{"line":8,"column":41}},"loc":{"start":{"line":8,"column":49},"end":{"line":17,"column":1}},"line":8},"1":{"name":"buildCardBody","decl":{"start":{"line":19,"column":26},"end":{"line":19,"column":39}},"loc":{"start":{"line":19,"column":46},"end":{"line":53,"column":1}},"line":19},"2":{"name":"buildCryptoCards","decl":{"start":{"line":62,"column":28},"end":{"line":62,"column":44}},"loc":{"start":{"line":62,"column":76},"end":{"line":82,"column":1}},"line":62},"3":{"name":"(anonymous_3)","decl":{"start":{"line":66,"column":15},"end":{"line":66,"column":16}},"loc":{"start":{"line":66,"column":32},"end":{"line":73,"column":3}},"line":66},"4":{"name":"(anonymous_4)","decl":{"start":{"line":75,"column":18},"end":{"line":75,"column":19}},"loc":{"start":{"line":75,"column":35},"end":{"line":81,"column":3}},"line":75}},"branchMap":{"0":{"loc":{"start":{"line":76,"column":4},"end":{"line":79,"column":5}},"type":"if","locations":[{"start":{"line":76,"column":4},"end":{"line":79,"column":5}},{"start":{},"end":{}}],"line":76},"1":{"loc":{"start":{"line":76,"column":8},"end":{"line":76,"column":47}},"type":"binary-expr","locations":[{"start":{"line":76,"column":8},"end":{"line":76,"column":26}},{"start":{"line":76,"column":30},"end":{"line":76,"column":47}}],"line":76}},"s":{"0":0,"1":0,"2":0,"3":0,"4":0,"5":0,"6":0,"7":0,"8":0,"9":0,"10":0,"11":0,"12":0,"13":0},"f":{"0":0,"1":0,"2":0,"3":0,"4":0},"b":{"0":[0,0],"1":[0,0]}}
,"C:\\Users\\natha\\Documents\\CS464-Group-Project\\react_client\\src\\components\\card\\modules\\combineData.js": {"path":"C:\\Users\\natha\\Documents\\CS464-Group-Project\\react_client\\src\\components\\card\\modules\\combineData.js","statementMap":{"0":{"start":{"line":5,"column":20},"end":{"line":30,"column":1}},"1":{"start":{"line":10,"column":15},"end":{"line":10,"column":17}},"2":{"start":{"line":11,"column":2},"end":{"line":28,"column":5}},"3":{"start":{"line":12,"column":33},"end":{"line":12,"column":37}},"4":{"start":{"line":13,"column":36},"end":{"line":15,"column":5}},"5":{"start":{"line":14,"column":16},"end":{"line":14,"column":63}},"6":{"start":{"line":16,"column":4},"end":{"line":27,"column":7}},"7":{"start":{"line":29,"column":2},"end":{"line":29,"column":36}}},"fnMap":{"0":{"name":"combineDataWithCryptoData","decl":{"start":{"line":5,"column":29},"end":{"line":5,"column":54}},"loc":{"start":{"line":9,"column":2},"end":{"line":30,"column":1}},"line":9},"1":{"name":"(anonymous_1)","decl":{"start":{"line":11,"column":15},"end":{"line":11,"column":16}},"loc":{"start":{"line":11,"column":25},"end":{"line":28,"column":3}},"line":11},"2":{"name":"(anonymous_2)","decl":{"start":{"line":14,"column":6},"end":{"line":14,"column":7}},"loc":{"start":{"line":14,"column":16},"end":{"line":14,"column":63}},"line":14}},"branchMap":{},"s":{"0":0,"1":0,"2":0,"3":0,"4":0,"5":0,"6":0,"7":0},"f":{"0":0,"1":0,"2":0},"b":{}}
,"C:\\Users\\natha\\Documents\\CS464-Group-Project\\react_client\\src\\components\\chart\\Chart.jsx": {"path":"C:\\Users\\natha\\Documents\\CS464-Group-Project\\react_client\\src\\components\\chart\\Chart.jsx","statementMap":{"0":{"start":{"line":10,"column":20},"end":{"line":16,"column":1}},"1":{"start":{"line":11,"column":14},"end":{"line":11,"column":45}},"2":{"start":{"line":12,"column":2},"end":{"line":14,"column":3}},"3":{"start":{"line":13,"column":4},"end":{"line":13,"column":44}},"4":{"start":{"line":15,"column":2},"end":{"line":15,"column":15}},"5":{"start":{"line":19,"column":12},"end":{"line":19,"column":25}},"6":{"start":{"line":20,"column":12},"end":{"line":20,"column":25}},"7":{"start":{"line":21,"column":12},"end":{"line":21,"column":25}},"8":{"start":{"line":22,"column":12},"end":{"line":22,"column":15}},"9":{"start":{"line":23,"column":2},"end":{"line":23,"column":40}},"10":{"start":{"line":26,"column":20},"end":{"line":50,"column":1}},"11":{"start":{"line":31,"column":15},"end":{"line":31,"column":17}},"12":{"start":{"line":32,"column":2},"end":{"line":48,"column":5}},"13":{"start":{"line":33,"column":33},"end":{"line":33,"column":37}},"14":{"start":{"line":34,"column":36},"end":{"line":36,"column":5}},"15":{"start":{"line":35,"column":16},"end":{"line":35,"column":63}},"16":{"start":{"line":37,"column":4},"end":{"line":47,"column":7}},"17":{"start":{"line":49,"column":2},"end":{"line":49,"column":16}},"18":{"start":{"line":53,"column":36},"end":{"line":53,"column":50}},"19":{"start":{"line":54,"column":34},"end":{"line":54,"column":46}},"20":{"start":{"line":55,"column":36},"end":{"line":55,"column":50}},"21":{"start":{"line":57,"column":2},"end":{"line":71,"column":18}},"22":{"start":{"line":58,"column":4},"end":{"line":58,"column":61}},"23":{"start":{"line":60,"column":26},"end":{"line":60,"column":60}},"24":{"start":{"line":61,"column":25},"end":{"line":61,"column":45}},"25":{"start":{"line":62,"column":6},"end":{"line":68,"column":7}},"26":{"start":{"line":63,"column":36},"end":{"line":65,"column":9}},"27":{"start":{"line":64,"column":20},"end":{"line":64,"column":42}},"28":{"start":{"line":66,"column":8},"end":{"line":66,"column":66}},"29":{"start":{"line":67,"column":8},"end":{"line":67,"column":28}},"30":{"start":{"line":70,"column":4},"end":{"line":70,"column":16}},"31":{"start":{"line":73,"column":2},"end":{"line":75,"column":13}},"32":{"start":{"line":74,"column":4},"end":{"line":74,"column":29}},"33":{"start":{"line":77,"column":2},"end":{"line":77,"column":48}},"34":{"start":{"line":79,"column":17},"end":{"line":79,"column":19}},"35":{"start":{"line":80,"column":21},"end":{"line":80,"column":23}},"36":{"start":{"line":81,"column":27},"end":{"line":81,"column":29}},"37":{"start":{"line":83,"column":2},"end":{"line":87,"column":5}},"38":{"start":{"line":84,"column":4},"end":{"line":84,"column":33}},"39":{"start":{"line":85,"column":4},"end":{"line":85,"column":37}},"40":{"start":{"line":86,"column":4},"end":{"line":86,"column":44}},"41":{"start":{"line":89,"column":23},"end":{"line":100,"column":3}},"42":{"start":{"line":102,"column":2},"end":{"line":111,"column":4}}},"fnMap":{"0":{"name":"getRandomColorAbove100","decl":{"start":{"line":10,"column":29},"end":{"line":10,"column":51}},"loc":{"start":{"line":10,"column":54},"end":{"line":16,"column":1}},"line":10},"1":{"name":"getRandomColor","decl":{"start":{"line":18,"column":9},"end":{"line":18,"column":23}},"loc":{"start":{"line":18,"column":26},"end":{"line":24,"column":1}},"line":18},"2":{"name":"combineDataWithCryptoData","decl":{"start":{"line":26,"column":29},"end":{"line":26,"column":54}},"loc":{"start":{"line":30,"column":2},"end":{"line":50,"column":1}},"line":30},"3":{"name":"(anonymous_3)","decl":{"start":{"line":32,"column":15},"end":{"line":32,"column":16}},"loc":{"start":{"line":32,"column":25},"end":{"line":48,"column":3}},"line":32},"4":{"name":"(anonymous_4)","decl":{"start":{"line":35,"column":6},"end":{"line":35,"column":7}},"loc":{"start":{"line":35,"column":16},"end":{"line":35,"column":63}},"line":35},"5":{"name":"DoughnutChart","decl":{"start":{"line":52,"column":24},"end":{"line":52,"column":37}},"loc":{"start":{"line":52,"column":40},"end":{"line":112,"column":1}},"line":52},"6":{"name":"(anonymous_6)","decl":{"start":{"line":57,"column":12},"end":{"line":57,"column":13}},"loc":{"start":{"line":57,"column":18},"end":{"line":71,"column":3}},"line":57},"7":{"name":"fetchData","decl":{"start":{"line":59,"column":19},"end":{"line":59,"column":28}},"loc":{"start":{"line":59,"column":31},"end":{"line":69,"column":5}},"line":59},"8":{"name":"(anonymous_8)","decl":{"start":{"line":64,"column":10},"end":{"line":64,"column":11}},"loc":{"start":{"line":64,"column":20},"end":{"line":64,"column":42}},"line":64},"9":{"name":"(anonymous_9)","decl":{"start":{"line":73,"column":13},"end":{"line":73,"column":14}},"loc":{"start":{"line":73,"column":19},"end":{"line":75,"column":3}},"line":73},"10":{"name":"(anonymous_10)","decl":{"start":{"line":83,"column":19},"end":{"line":83,"column":20}},"loc":{"start":{"line":83,"column":34},"end":{"line":87,"column":3}},"line":83}},"branchMap":{"0":{"loc":{"start":{"line":62,"column":6},"end":{"line":68,"column":7}},"type":"if","locations":[{"start":{"line":62,"column":6},"end":{"line":68,"column":7}},{"start":{},"end":{}}],"line":62},"1":{"loc":{"start":{"line":62,"column":10},"end":{"line":62,"column":35}},"type":"binary-expr","locations":[{"start":{"line":62,"column":10},"end":{"line":62,"column":21}},{"start":{"line":62,"column":25},"end":{"line":62,"column":35}}],"line":62},"2":{"loc":{"start":{"line":104,"column":7},"end":{"line":104,"column":37}},"type":"binary-expr","locations":[{"start":{"line":104,"column":7},"end":{"line":104,"column":16}},{"start":{"line":104,"column":20},"end":{"line":104,"column":37}}],"line":104},"3":{"loc":{"start":{"line":105,"column":7},"end":{"line":109,"column":7}},"type":"binary-expr","locations":[{"start":{"line":105,"column":7},"end":{"line":105,"column":17}},{"start":{"line":106,"column":8},"end":{"line":108,"column":14}}],"line":105}},"s":{"0":0,"1":0,"2":0,"3":0,"4":0,"5":0,"6":0,"7":0,"8":0,"9":0,"10":0,"11":0,"12":0,"13":0,"14":0,"15":0,"16":0,"17":0,"18":0,"19":0,"20":0,"21":0,"22":0,"23":0,"24":0,"25":0,"26":0,"27":0,"28":0,"29":0,"30":0,"31":0,"32":0,"33":0,"34":0,"35":0,"36":0,"37":0,"38":0,"39":0,"40":0,"41":0,"42":0},"f":{"0":0,"1":0,"2":0,"3":0,"4":0,"5":0,"6":0,"7":0,"8":0,"9":0,"10":0},"b":{"0":[0,0],"1":[0,0],"2":[0,0],"3":[0,0]}}
,"C:\\Users\\natha\\Documents\\CS464-Group-Project\\react_client\\src\\components\\chart\\HistoricalLineChart.jsx": {"path":"C:\\Users\\natha\\Documents\\CS464-Group-Project\\react_client\\src\\components\\chart\\HistoricalLineChart.jsx","statementMap":{"0":{"start":{"line":19,"column":0},"end":{"line":29,"column":2}},"1":{"start":{"line":36,"column":28},"end":{"line":36,"column":40}},"2":{"start":{"line":37,"column":28},"end":{"line":37,"column":40}},"3":{"start":{"line":38,"column":36},"end":{"line":38,"column":50}},"4":{"start":{"line":40,"column":2},"end":{"line":53,"column":9}},"5":{"start":{"line":41,"column":27},"end":{"line":51,"column":5}},"6":{"start":{"line":42,"column":6},"end":{"line":42,"column":47}},"7":{"start":{"line":43,"column":25},"end":{"line":43,"column":65}},"8":{"start":{"line":44,"column":6},"end":{"line":50,"column":7}},"9":{"start":{"line":45,"column":8},"end":{"line":45,"column":68}},"10":{"start":{"line":45,"column":23},"end":{"line":45,"column":66}},"11":{"start":{"line":45,"column":56},"end":{"line":45,"column":65}},"12":{"start":{"line":46,"column":8},"end":{"line":48,"column":10}},"13":{"start":{"line":47,"column":10},"end":{"line":47,"column":80}},"14":{"start":{"line":47,"column":43},"end":{"line":47,"column":79}},"15":{"start":{"line":49,"column":8},"end":{"line":49,"column":28}},"16":{"start":{"line":52,"column":4},"end":{"line":52,"column":21}},"17":{"start":{"line":55,"column":20},"end":{"line":66,"column":3}},"18":{"start":{"line":68,"column":18},"end":{"line":83,"column":3}},"19":{"start":{"line":85,"column":2},"end":{"line":95,"column":4}}},"fnMap":{"0":{"name":"HistoricalLineChart","decl":{"start":{"line":31,"column":9},"end":{"line":31,"column":28}},"loc":{"start":{"line":35,"column":3},"end":{"line":96,"column":1}},"line":35},"1":{"name":"(anonymous_1)","decl":{"start":{"line":40,"column":12},"end":{"line":40,"column":13}},"loc":{"start":{"line":40,"column":18},"end":{"line":53,"column":3}},"line":40},"2":{"name":"fetchData","decl":{"start":{"line":41,"column":42},"end":{"line":41,"column":51}},"loc":{"start":{"line":41,"column":54},"end":{"line":51,"column":5}},"line":41},"3":{"name":"(anonymous_3)","decl":{"start":{"line":45,"column":17},"end":{"line":45,"column":18}},"loc":{"start":{"line":45,"column":23},"end":{"line":45,"column":66}},"line":45},"4":{"name":"(anonymous_4)","decl":{"start":{"line":45,"column":46},"end":{"line":45,"column":47}},"loc":{"start":{"line":45,"column":56},"end":{"line":45,"column":65}},"line":45},"5":{"name":"(anonymous_5)","decl":{"start":{"line":46,"column":17},"end":{"line":46,"column":18}},"loc":{"start":{"line":47,"column":10},"end":{"line":47,"column":80}},"line":47},"6":{"name":"(anonymous_6)","decl":{"start":{"line":47,"column":33},"end":{"line":47,"column":34}},"loc":{"start":{"line":47,"column":43},"end":{"line":47,"column":79}},"line":47}},"branchMap":{"0":{"loc":{"start":{"line":32,"column":2},"end":{"line":32,"column":14}},"type":"default-arg","locations":[{"start":{"line":32,"column":9},"end":{"line":32,"column":14}}],"line":32},"1":{"loc":{"start":{"line":33,"column":2},"end":{"line":33,"column":23}},"type":"default-arg","locations":[{"start":{"line":33,"column":10},"end":{"line":33,"column":23}}],"line":33},"2":{"loc":{"start":{"line":34,"column":2},"end":{"line":34,"column":21}},"type":"default-arg","locations":[{"start":{"line":34,"column":8},"end":{"line":34,"column":21}}],"line":34},"3":{"loc":{"start":{"line":44,"column":6},"end":{"line":50,"column":7}},"type":"if","locations":[{"start":{"line":44,"column":6},"end":{"line":50,"column":7}},{"start":{},"end":{}}],"line":44},"4":{"loc":{"start":{"line":87,"column":7},"end":{"line":93,"column":7}},"type":"cond-expr","locations":[{"start":{"line":88,"column":8},"end":{"line":88,"column":25}},{"start":{"line":90,"column":8},"end":{"line":92,"column":14}}],"line":87}},"s":{"0":0,"1":0,"2":0,"3":0,"4":0,"5":0,"6":0,"7":0,"8":0,"9":0,"10":0,"11":0,"12":0,"13":0,"14":0,"15":0,"16":0,"17":0,"18":0,"19":0},"f":{"0":0,"1":0,"2":0,"3":0,"4":0,"5":0,"6":0},"b":{"0":[0],"1":[0],"2":[0],"3":[0,0],"4":[0,0]}}
,"C:\\Users\\natha\\Documents\\CS464-Group-Project\\react_client\\src\\components\\chart\\HistoricalLineChartCompTwo.jsx": {"path":"C:\\Users\\natha\\Documents\\CS464-Group-Project\\react_client\\src\\components\\chart\\HistoricalLineChartCompTwo.jsx","statementMap":{"0":{"start":{"line":17,"column":0},"end":{"line":26,"column":2}},"1":{"start":{"line":28,"column":16},"end":{"line":39,"column":1}},"2":{"start":{"line":46,"column":36},"end":{"line":46,"column":50}},"3":{"start":{"line":47,"column":36},"end":{"line":50,"column":4}},"4":{"start":{"line":52,"column":2},"end":{"line":83,"column":9}},"5":{"start":{"line":53,"column":4},"end":{"line":82,"column":5}},"6":{"start":{"line":54,"column":32},"end":{"line":56,"column":7}},"7":{"start":{"line":55,"column":8},"end":{"line":55,"column":42}},"8":{"start":{"line":58,"column":26},"end":{"line":78,"column":7}},"9":{"start":{"line":59,"column":24},"end":{"line":59,"column":60}},"10":{"start":{"line":61,"column":27},"end":{"line":63,"column":9}},"11":{"start":{"line":62,"column":10},"end":{"line":62,"column":46}},"12":{"start":{"line":65,"column":29},"end":{"line":71,"column":11}},"13":{"start":{"line":65,"column":61},"end":{"line":71,"column":9}},"14":{"start":{"line":67,"column":45},"end":{"line":67,"column":54}},"15":{"start":{"line":73,"column":8},"end":{"line":76,"column":11}},"16":{"start":{"line":77,"column":8},"end":{"line":77,"column":28}},"17":{"start":{"line":79,"column":6},"end":{"line":79,"column":20}},"18":{"start":{"line":81,"column":6},"end":{"line":81,"column":58}},"19":{"start":{"line":85,"column":2},"end":{"line":95,"column":4}}},"fnMap":{"0":{"name":"HistoricalLineChartCompTwo","decl":{"start":{"line":41,"column":9},"end":{"line":41,"column":35}},"loc":{"start":{"line":45,"column":3},"end":{"line":96,"column":1}},"line":45},"1":{"name":"(anonymous_1)","decl":{"start":{"line":52,"column":12},"end":{"line":52,"column":13}},"loc":{"start":{"line":52,"column":18},"end":{"line":83,"column":3}},"line":52},"2":{"name":"(anonymous_2)","decl":{"start":{"line":54,"column":42},"end":{"line":54,"column":43}},"loc":{"start":{"line":55,"column":8},"end":{"line":55,"column":42}},"line":55},"3":{"name":"fetchChartData","decl":{"start":{"line":58,"column":41},"end":{"line":58,"column":55}},"loc":{"start":{"line":58,"column":58},"end":{"line":78,"column":7}},"line":58},"4":{"name":"(anonymous_4)","decl":{"start":{"line":61,"column":51},"end":{"line":61,"column":52}},"loc":{"start":{"line":62,"column":10},"end":{"line":62,"column":46}},"line":62},"5":{"name":"(anonymous_5)","decl":{"start":{"line":65,"column":41},"end":{"line":65,"column":42}},"loc":{"start":{"line":65,"column":61},"end":{"line":71,"column":9}},"line":65},"6":{"name":"(anonymous_6)","decl":{"start":{"line":67,"column":35},"end":{"line":67,"column":36}},"loc":{"start":{"line":67,"column":45},"end":{"line":67,"column":54}},"line":67}},"branchMap":{"0":{"loc":{"start":{"line":42,"column":2},"end":{"line":42,"column":24}},"type":"default-arg","locations":[{"start":{"line":42,"column":10},"end":{"line":42,"column":24}}],"line":42},"1":{"loc":{"start":{"line":43,"column":2},"end":{"line":43,"column":20}},"type":"default-arg","locations":[{"start":{"line":43,"column":10},"end":{"line":43,"column":20}}],"line":43},"2":{"loc":{"start":{"line":44,"column":2},"end":{"line":44,"column":21}},"type":"default-arg","locations":[{"start":{"line":44,"column":8},"end":{"line":44,"column":21}}],"line":44},"3":{"loc":{"start":{"line":87,"column":7},"end":{"line":93,"column":7}},"type":"cond-expr","locations":[{"start":{"line":88,"column":8},"end":{"line":88,"column":25}},{"start":{"line":90,"column":8},"end":{"line":92,"column":14}}],"line":87}},"s":{"0":0,"1":0,"2":0,"3":0,"4":0,"5":0,"6":0,"7":0,"8":0,"9":0,"10":0,"11":0,"12":0,"13":0,"14":0,"15":0,"16":0,"17":0,"18":0,"19":0},"f":{"0":0,"1":0,"2":0,"3":0,"4":0,"5":0,"6":0},"b":{"0":[0],"1":[0],"2":[0],"3":[0,0]}}
,"C:\\Users\\natha\\Documents\\CS464-Group-Project\\react_client\\src\\components\\table\\Table.jsx": {"path":"C:\\Users\\natha\\Documents\\CS464-Group-Project\\react_client\\src\\components\\table\\Table.jsx","statementMap":{"0":{"start":{"line":14,"column":30},"end":{"line":14,"column":45}},"1":{"start":{"line":15,"column":36},"end":{"line":15,"column":48}},"2":{"start":{"line":16,"column":32},"end":{"line":16,"column":44}},"3":{"start":{"line":17,"column":36},"end":{"line":17,"column":50}},"4":{"start":{"line":20,"column":2},"end":{"line":31,"column":18}},"5":{"start":{"line":21,"column":4},"end":{"line":21,"column":26}},"6":{"start":{"line":23,"column":26},"end":{"line":23,"column":60}},"7":{"start":{"line":24,"column":25},"end":{"line":24,"column":45}},"8":{"start":{"line":25,"column":6},"end":{"line":28,"column":7}},"9":{"start":{"line":26,"column":8},"end":{"line":26,"column":71}},"10":{"start":{"line":27,"column":8},"end":{"line":27,"column":24}},"11":{"start":{"line":30,"column":4},"end":{"line":30,"column":16}},"12":{"start":{"line":33,"column":2},"end":{"line":35,"column":13}},"13":{"start":{"line":34,"column":4},"end":{"line":34,"column":29}},"14":{"start":{"line":37,"column":2},"end":{"line":95,"column":4}},"15":{"start":{"line":59,"column":20},"end":{"line":72,"column":22}},"16":{"start":{"line":65,"column":28},"end":{"line":65,"column":73}},"17":{"start":{"line":68,"column":28},"end":{"line":68,"column":69}}},"fnMap":{"0":{"name":"Table","decl":{"start":{"line":13,"column":24},"end":{"line":13,"column":29}},"loc":{"start":{"line":13,"column":32},"end":{"line":96,"column":1}},"line":13},"1":{"name":"(anonymous_1)","decl":{"start":{"line":20,"column":12},"end":{"line":20,"column":13}},"loc":{"start":{"line":20,"column":18},"end":{"line":31,"column":3}},"line":20},"2":{"name":"fetchData","decl":{"start":{"line":22,"column":19},"end":{"line":22,"column":28}},"loc":{"start":{"line":22,"column":31},"end":{"line":29,"column":5}},"line":22},"3":{"name":"(anonymous_3)","decl":{"start":{"line":33,"column":13},"end":{"line":33,"column":14}},"loc":{"start":{"line":33,"column":19},"end":{"line":35,"column":3}},"line":33},"4":{"name":"(anonymous_4)","decl":{"start":{"line":58,"column":32},"end":{"line":58,"column":33}},"loc":{"start":{"line":58,"column":42},"end":{"line":73,"column":19}},"line":58},"5":{"name":"(anonymous_5)","decl":{"start":{"line":64,"column":35},"end":{"line":64,"column":36}},"loc":{"start":{"line":65,"column":28},"end":{"line":65,"column":73}},"line":65},"6":{"name":"(anonymous_6)","decl":{"start":{"line":67,"column":52},"end":{"line":67,"column":53}},"loc":{"start":{"line":68,"column":28},"end":{"line":68,"column":69}},"line":68}},"branchMap":{"0":{"loc":{"start":{"line":25,"column":6},"end":{"line":28,"column":7}},"type":"if","locations":[{"start":{"line":25,"column":6},"end":{"line":28,"column":7}},{"start":{},"end":{}}],"line":25},"1":{"loc":{"start":{"line":25,"column":10},"end":{"line":25,"column":35}},"type":"binary-expr","locations":[{"start":{"line":25,"column":10},"end":{"line":25,"column":21}},{"start":{"line":25,"column":25},"end":{"line":25,"column":35}}],"line":25},"2":{"loc":{"start":{"line":39,"column":7},"end":{"line":93,"column":7}},"type":"cond-expr","locations":[{"start":{"line":40,"column":8},"end":{"line":40,"column":25}},{"start":{"line":42,"column":8},"end":{"line":92,"column":14}}],"line":39},"3":{"loc":{"start":{"line":57,"column":17},"end":{"line":73,"column":20}},"type":"binary-expr","locations":[{"start":{"line":57,"column":17},"end":{"line":57,"column":26}},{"start":{"line":58,"column":18},"end":{"line":73,"column":20}}],"line":57}},"s":{"0":0,"1":0,"2":0,"3":0,"4":0,"5":0,"6":0,"7":0,"8":0,"9":0,"10":0,"11":0,"12":0,"13":0,"14":0,"15":0,"16":0,"17":0},"f":{"0":0,"1":0,"2":0,"3":0,"4":0,"5":0,"6":0},"b":{"0":[0,0],"1":[0,0],"2":[0,0],"3":[0,0]}}
,"C:\\Users\\natha\\Documents\\CS464-Group-Project\\react_client\\src\\components\\table\\modules\\TableHeaders.jsx": {"path":"C:\\Users\\natha\\Documents\\CS464-Group-Project\\react_client\\src\\components\\table\\modules\\TableHeaders.jsx","statementMap":{"0":{"start":{"line":11,"column":28},"end":{"line":32,"column":1}},"1":{"start":{"line":12,"column":40},"end":{"line":12,"column":54}},"2":{"start":{"line":14,"column":15},"end":{"line":14,"column":17}},"3":{"start":{"line":15,"column":2},"end":{"line":30,"column":5}},"4":{"start":{"line":16,"column":4},"end":{"line":29,"column":5}},"5":{"start":{"line":17,"column":6},"end":{"line":17,"column":84}},"6":{"start":{"line":19,"column":6},"end":{"line":28,"column":8}},"7":{"start":{"line":24,"column":25},"end":{"line":24,"column":102}},"8":{"start":{"line":31,"column":2},"end":{"line":31,"column":16}}},"fnMap":{"0":{"name":"(anonymous_0)","decl":{"start":{"line":11,"column":28},"end":{"line":11,"column":29}},"loc":{"start":{"line":11,"column":70},"end":{"line":32,"column":1}},"line":11},"1":{"name":"(anonymous_1)","decl":{"start":{"line":15,"column":14},"end":{"line":15,"column":15}},"loc":{"start":{"line":15,"column":37},"end":{"line":30,"column":3}},"line":15},"2":{"name":"(anonymous_2)","decl":{"start":{"line":24,"column":19},"end":{"line":24,"column":20}},"loc":{"start":{"line":24,"column":25},"end":{"line":24,"column":102}},"line":24}},"branchMap":{"0":{"loc":{"start":{"line":16,"column":4},"end":{"line":29,"column":5}},"type":"if","locations":[{"start":{"line":16,"column":4},"end":{"line":29,"column":5}},{"start":{"line":18,"column":11},"end":{"line":29,"column":5}}],"line":16}},"s":{"0":0,"1":0,"2":0,"3":0,"4":0,"5":0,"6":0,"7":0,"8":0},"f":{"0":0,"1":0,"2":0},"b":{"0":[0,0]}}
,"C:\\Users\\natha\\Documents\\CS464-Group-Project\\react_client\\src\\components\\table\\modules\\TableIconDropDowns.jsx": {"path":"C:\\Users\\natha\\Documents\\CS464-Group-Project\\react_client\\src\\components\\table\\modules\\TableIconDropDowns.jsx","statementMap":{"0":{"start":{"line":13,"column":13},"end":{"line":13,"column":15}},"1":{"start":{"line":15,"column":2},"end":{"line":18,"column":3}},"2":{"start":{"line":16,"column":4},"end":{"line":16,"column":32}},"3":{"start":{"line":17,"column":4},"end":{"line":17,"column":19}},"4":{"start":{"line":19,"column":2},"end":{"line":19,"column":14}},"5":{"start":{"line":29,"column":33},"end":{"line":95,"column":1}},"6":{"start":{"line":39,"column":2},"end":{"line":94,"column":4}},"7":{"start":{"line":69,"column":29},"end":{"line":69,"column":57}}},"fnMap":{"0":{"name":"orderByTableView","decl":{"start":{"line":12,"column":9},"end":{"line":12,"column":25}},"loc":{"start":{"line":12,"column":39},"end":{"line":20,"column":1}},"line":12},"1":{"name":"(anonymous_1)","decl":{"start":{"line":29,"column":33},"end":{"line":29,"column":34}},"loc":{"start":{"line":38,"column":6},"end":{"line":95,"column":1}},"line":38},"2":{"name":"(anonymous_2)","decl":{"start":{"line":69,"column":23},"end":{"line":69,"column":24}},"loc":{"start":{"line":69,"column":29},"end":{"line":69,"column":57}},"line":69}},"branchMap":{"0":{"loc":{"start":{"line":39,"column":9},"end":{"line":94,"column":3}},"type":"cond-expr","locations":[{"start":{"line":40,"column":4},"end":{"line":91,"column":10}},{"start":{"line":93,"column":4},"end":{"line":93,"column":6}}],"line":39}},"s":{"0":0,"1":0,"2":0,"3":0,"4":0,"5":0,"6":0,"7":0},"f":{"0":0,"1":0,"2":0},"b":{"0":[0,0]}}
,"C:\\Users\\natha\\Documents\\CS464-Group-Project\\react_client\\src\\components\\table\\modules\\combineTableData.js": {"path":"C:\\Users\\natha\\Documents\\CS464-Group-Project\\react_client\\src\\components\\table\\modules\\combineTableData.js","statementMap":{"0":{"start":{"line":5,"column":20},"end":{"line":32,"column":1}},"1":{"start":{"line":11,"column":15},"end":{"line":11,"column":17}},"2":{"start":{"line":12,"column":2},"end":{"line":29,"column":5}},"3":{"start":{"line":13,"column":33},"end":{"line":13,"column":37}},"4":{"start":{"line":14,"column":36},"end":{"line":16,"column":5}},"5":{"start":{"line":15,"column":16},"end":{"line":15,"column":63}},"6":{"start":{"line":17,"column":4},"end":{"line":28,"column":7}},"7":{"start":{"line":30,"column":2},"end":{"line":30,"column":35}},"8":{"start":{"line":31,"column":2},"end":{"line":31,"column":36}}},"fnMap":{"0":{"name":"combineDataWithCryptoData","decl":{"start":{"line":5,"column":29},"end":{"line":5,"column":54}},"loc":{"start":{"line":10,"column":2},"end":{"line":32,"column":1}},"line":10},"1":{"name":"(anonymous_1)","decl":{"start":{"line":12,"column":15},"end":{"line":12,"column":16}},"loc":{"start":{"line":12,"column":25},"end":{"line":29,"column":3}},"line":12},"2":{"name":"(anonymous_2)","decl":{"start":{"line":15,"column":6},"end":{"line":15,"column":7}},"loc":{"start":{"line":15,"column":16},"end":{"line":15,"column":63}},"line":15}},"branchMap":{},"s":{"0":0,"1":0,"2":0,"3":0,"4":0,"5":0,"6":0,"7":0,"8":0},"f":{"0":0,"1":0,"2":0},"b":{}}
,"C:\\Users\\natha\\Documents\\CS464-Group-Project\\react_client\\src\\components\\table\\modules\\tableFormat.jsx": {"path":"C:\\Users\\natha\\Documents\\CS464-Group-Project\\react_client\\src\\components\\table\\modules\\tableFormat.jsx","statementMap":{"0":{"start":{"line":8,"column":21},"end":{"line":12,"column":1}},"1":{"start":{"line":9,"column":25},"end":{"line":9,"column":53}},"2":{"start":{"line":10,"column":2},"end":{"line":10,"column":54}},"3":{"start":{"line":11,"column":2},"end":{"line":11,"column":49}},"4":{"start":{"line":15,"column":33},"end":{"line":60,"column":1}},"5":{"start":{"line":16,"column":2},"end":{"line":59,"column":3}},"6":{"start":{"line":18,"column":6},"end":{"line":26,"column":8}},"7":{"start":{"line":29,"column":6},"end":{"line":29,"column":62}},"8":{"start":{"line":31,"column":6},"end":{"line":33,"column":8}},"9":{"start":{"line":36,"column":6},"end":{"line":42,"column":8}},"10":{"start":{"line":46,"column":6},"end":{"line":48,"column":8}},"11":{"start":{"line":54,"column":6},"end":{"line":58,"column":8}}},"fnMap":{"0":{"name":"formatCommaSeparatedNumber","decl":{"start":{"line":8,"column":30},"end":{"line":8,"column":56}},"loc":{"start":{"line":8,"column":65},"end":{"line":12,"column":1}},"line":8},"1":{"name":"(anonymous_1)","decl":{"start":{"line":15,"column":33},"end":{"line":15,"column":34}},"loc":{"start":{"line":15,"column":56},"end":{"line":60,"column":1}},"line":15}},"branchMap":{"0":{"loc":{"start":{"line":11,"column":9},"end":{"line":11,"column":48}},"type":"cond-expr","locations":[{"start":{"line":11,"column":19},"end":{"line":11,"column":40}},{"start":{"line":11,"column":43},"end":{"line":11,"column":48}}],"line":11},"1":{"loc":{"start":{"line":16,"column":2},"end":{"line":59,"column":3}},"type":"switch","locations":[{"start":{"line":17,"column":4},"end":{"line":26,"column":8}},{"start":{"line":28,"column":4},"end":{"line":29,"column":62}},{"start":{"line":30,"column":4},"end":{"line":33,"column":8}},{"start":{"line":35,"column":4},"end":{"line":42,"column":8}},{"start":{"line":44,"column":4},"end":{"line":44,"column":16}},{"start":{"line":45,"column":4},"end":{"line":48,"column":8}},{"start":{"line":50,"column":4},"end":{"line":50,"column":15}},{"start":{"line":51,"column":4},"end":{"line":51,"column":16}},{"start":{"line":52,"column":4},"end":{"line":52,"column":16}},{"start":{"line":53,"column":4},"end":{"line":58,"column":8}}],"line":16},"2":{"loc":{"start":{"line":36,"column":13},"end":{"line":42,"column":7}},"type":"cond-expr","locations":[{"start":{"line":37,"column":8},"end":{"line":37,"column":19}},{"start":{"line":39,"column":8},"end":{"line":41,"column":13}}],"line":36}},"s":{"0":0,"1":0,"2":0,"3":0,"4":0,"5":0,"6":0,"7":0,"8":0,"9":0,"10":0,"11":0},"f":{"0":0,"1":0},"b":{"0":[0,0],"1":[0,0,0,0,0,0,0,0,0,0],"2":[0,0]}}
,"C:\\Users\\natha\\Documents\\CS464-Group-Project\\react_client\\src\\components\\table\\modules\\tableSort.js": {"path":"C:\\Users\\natha\\Documents\\CS464-Group-Project\\react_client\\src\\components\\table\\modules\\tableSort.js","statementMap":{"0":{"start":{"line":11,"column":18},"end":{"line":17,"column":1}},"1":{"start":{"line":12,"column":13},"end":{"line":14,"column":4}},"2":{"start":{"line":13,"column":4},"end":{"line":13,"column":27}},"3":{"start":{"line":15,"column":2},"end":{"line":15,"column":65}},"4":{"start":{"line":16,"column":2},"end":{"line":16,"column":26}},"5":{"start":{"line":20,"column":18},"end":{"line":26,"column":1}},"6":{"start":{"line":21,"column":13},"end":{"line":23,"column":4}},"7":{"start":{"line":22,"column":4},"end":{"line":22,"column":27}},"8":{"start":{"line":24,"column":2},"end":{"line":24,"column":65}},"9":{"start":{"line":25,"column":2},"end":{"line":25,"column":25}},"10":{"start":{"line":29,"column":19},"end":{"line":35,"column":1}},"11":{"start":{"line":30,"column":2},"end":{"line":30,"column":46}},"12":{"start":{"line":31,"column":13},"end":{"line":33,"column":4}},"13":{"start":{"line":32,"column":4},"end":{"line":32,"column":40}},"14":{"start":{"line":34,"column":2},"end":{"line":34,"column":26}},"15":{"start":{"line":38,"column":19},"end":{"line":44,"column":1}},"16":{"start":{"line":39,"column":2},"end":{"line":39,"column":46}},"17":{"start":{"line":40,"column":13},"end":{"line":42,"column":4}},"18":{"start":{"line":41,"column":4},"end":{"line":41,"column":40}},"19":{"start":{"line":43,"column":2},"end":{"line":43,"column":26}},"20":{"start":{"line":46,"column":27},"end":{"line":70,"column":1}},"21":{"start":{"line":53,"column":2},"end":{"line":68,"column":3}},"22":{"start":{"line":55,"column":6},"end":{"line":59,"column":7}},"23":{"start":{"line":56,"column":8},"end":{"line":56,"column":56}},"24":{"start":{"line":58,"column":8},"end":{"line":58,"column":56}},"25":{"start":{"line":60,"column":6},"end":{"line":60,"column":12}},"26":{"start":{"line":62,"column":6},"end":{"line":66,"column":7}},"27":{"start":{"line":63,"column":8},"end":{"line":63,"column":55}},"28":{"start":{"line":65,"column":8},"end":{"line":65,"column":55}},"29":{"start":{"line":67,"column":6},"end":{"line":67,"column":12}},"30":{"start":{"line":69,"column":2},"end":{"line":69,"column":31}}},"fnMap":{"0":{"name":"sortArrayByNumberValueHighToLow","decl":{"start":{"line":11,"column":27},"end":{"line":11,"column":58}},"loc":{"start":{"line":11,"column":85},"end":{"line":17,"column":1}},"line":11},"1":{"name":"(anonymous_1)","decl":{"start":{"line":12,"column":24},"end":{"line":12,"column":25}},"loc":{"start":{"line":12,"column":34},"end":{"line":14,"column":3}},"line":12},"2":{"name":"sortArrayByNumberValueLowToHigh","decl":{"start":{"line":20,"column":27},"end":{"line":20,"column":58}},"loc":{"start":{"line":20,"column":85},"end":{"line":26,"column":1}},"line":20},"3":{"name":"(anonymous_3)","decl":{"start":{"line":21,"column":24},"end":{"line":21,"column":25}},"loc":{"start":{"line":21,"column":34},"end":{"line":23,"column":3}},"line":21},"4":{"name":"sortArrayByCharacterValueHighToLow","decl":{"start":{"line":29,"column":28},"end":{"line":29,"column":62}},"loc":{"start":{"line":29,"column":89},"end":{"line":35,"column":1}},"line":29},"5":{"name":"(anonymous_5)","decl":{"start":{"line":31,"column":24},"end":{"line":31,"column":25}},"loc":{"start":{"line":31,"column":34},"end":{"line":33,"column":3}},"line":31},"6":{"name":"sortArrayByCharacterValueLowToHigh","decl":{"start":{"line":38,"column":28},"end":{"line":38,"column":62}},"loc":{"start":{"line":38,"column":89},"end":{"line":44,"column":1}},"line":38},"7":{"name":"(anonymous_7)","decl":{"start":{"line":40,"column":24},"end":{"line":40,"column":25}},"loc":{"start":{"line":40,"column":34},"end":{"line":42,"column":3}},"line":40},"8":{"name":"filterArrayByValue","decl":{"start":{"line":46,"column":36},"end":{"line":46,"column":54}},"loc":{"start":{"line":52,"column":2},"end":{"line":70,"column":1}},"line":52}},"branchMap":{"0":{"loc":{"start":{"line":53,"column":2},"end":{"line":68,"column":3}},"type":"switch","locations":[{"start":{"line":54,"column":4},"end":{"line":60,"column":12}},{"start":{"line":61,"column":4},"end":{"line":67,"column":12}}],"line":53},"1":{"loc":{"start":{"line":55,"column":6},"end":{"line":59,"column":7}},"type":"if","locations":[{"start":{"line":55,"column":6},"end":{"line":59,"column":7}},{"start":{"line":57,"column":13},"end":{"line":59,"column":7}}],"line":55},"2":{"loc":{"start":{"line":62,"column":6},"end":{"line":66,"column":7}},"type":"if","locations":[{"start":{"line":62,"column":6},"end":{"line":66,"column":7}},{"start":{"line":64,"column":13},"end":{"line":66,"column":7}}],"line":62}},"s":{"0":0,"1":0,"2":0,"3":0,"4":0,"5":0,"6":0,"7":0,"8":0,"9":0,"10":0,"11":0,"12":0,"13":0,"14":0,"15":0,"16":0,"17":0,"18":0,"19":0,"20":0,"21":0,"22":0,"23":0,"24":0,"25":0,"26":0,"27":0,"28":0,"29":0,"30":0},"f":{"0":0,"1":0,"2":0,"3":0,"4":0,"5":0,"6":0,"7":0,"8":0},"b":{"0":[0,0],"1":[0,0],"2":[0,0]}}
,"C:\\Users\\natha\\Documents\\CS464-Group-Project\\react_client\\src\\components\\table\\modules\\utility.js": {"path":"C:\\Users\\natha\\Documents\\CS464-Group-Project\\react_client\\src\\components\\table\\modules\\utility.js","statementMap":{"0":{"start":{"line":4,"column":24},"end":{"line":10,"column":1}},"1":{"start":{"line":5,"column":16},"end":{"line":5,"column":17}},"2":{"start":{"line":6,"column":4},"end":{"line":8,"column":7}},"3":{"start":{"line":7,"column":8},"end":{"line":7,"column":27}},"4":{"start":{"line":9,"column":4},"end":{"line":9,"column":17}}},"fnMap":{"0":{"name":"totalGivenData","decl":{"start":{"line":4,"column":33},"end":{"line":4,"column":47}},"loc":{"start":{"line":4,"column":59},"end":{"line":10,"column":1}},"line":4},"1":{"name":"(anonymous_1)","decl":{"start":{"line":6,"column":17},"end":{"line":6,"column":18}},"loc":{"start":{"line":6,"column":27},"end":{"line":8,"column":5}},"line":6}},"branchMap":{},"s":{"0":0,"1":0,"2":0,"3":0,"4":0},"f":{"0":0,"1":0},"b":{}}
,"C:\\Users\\natha\\Documents\\CS464-Group-Project\\react_client\\src\\context(s)\\AuthContext.jsx": {"path":"C:\\Users\\natha\\Documents\\CS464-Group-Project\\react_client\\src\\context(s)\\AuthContext.jsx","statementMap":{"0":{"start":{"line":3,"column":20},"end":{"line":3,"column":35}},"1":{"start":{"line":5,"column":23},"end":{"line":7,"column":1}},"2":{"start":{"line":6,"column":2},"end":{"line":6,"column":33}},"3":{"start":{"line":9,"column":28},"end":{"line":29,"column":1}},"4":{"start":{"line":10,"column":40},"end":{"line":10,"column":54}},"5":{"start":{"line":12,"column":16},"end":{"line":15,"column":3}},"6":{"start":{"line":13,"column":4},"end":{"line":13,"column":54}},"7":{"start":{"line":14,"column":4},"end":{"line":14,"column":45}},"8":{"start":{"line":17,"column":17},"end":{"line":20,"column":3}},"9":{"start":{"line":18,"column":4},"end":{"line":18,"column":33}},"10":{"start":{"line":19,"column":4},"end":{"line":19,"column":25}},"11":{"start":{"line":22,"column":16},"end":{"line":26,"column":3}},"12":{"start":{"line":28,"column":2},"end":{"line":28,"column":79}}},"fnMap":{"0":{"name":"(anonymous_0)","decl":{"start":{"line":5,"column":23},"end":{"line":5,"column":24}},"loc":{"start":{"line":5,"column":29},"end":{"line":7,"column":1}},"line":5},"1":{"name":"(anonymous_1)","decl":{"start":{"line":9,"column":28},"end":{"line":9,"column":29}},"loc":{"start":{"line":9,"column":46},"end":{"line":29,"column":1}},"line":9},"2":{"name":"(anonymous_2)","decl":{"start":{"line":12,"column":16},"end":{"line":12,"column":17}},"loc":{"start":{"line":12,"column":37},"end":{"line":15,"column":3}},"line":12},"3":{"name":"(anonymous_3)","decl":{"start":{"line":17,"column":17},"end":{"line":17,"column":18}},"loc":{"start":{"line":17,"column":23},"end":{"line":20,"column":3}},"line":17}},"branchMap":{},"s":{"0":0,"1":0,"2":0,"3":0,"4":0,"5":0,"6":0,"7":0,"8":0,"9":0,"10":0,"11":0,"12":0},"f":{"0":0,"1":0,"2":0,"3":0},"b":{}}
,"C:\\Users\\natha\\Documents\\CS464-Group-Project\\react_client\\src\\modules\\sortArray.js": {"path":"C:\\Users\\natha\\Documents\\CS464-Group-Project\\react_client\\src\\modules\\sortArray.js","statementMap":{"0":{"start":{"line":2,"column":25},"end":{"line":6,"column":1}},"1":{"start":{"line":3,"column":2},"end":{"line":5,"column":5}},"2":{"start":{"line":4,"column":4},"end":{"line":4,"column":27}},"3":{"start":{"line":9,"column":25},"end":{"line":13,"column":1}},"4":{"start":{"line":10,"column":2},"end":{"line":12,"column":5}},"5":{"start":{"line":11,"column":4},"end":{"line":11,"column":27}}},"fnMap":{"0":{"name":"sortArrayByNumberValueHighToLow","decl":{"start":{"line":2,"column":34},"end":{"line":2,"column":65}},"loc":{"start":{"line":2,"column":78},"end":{"line":6,"column":1}},"line":2},"1":{"name":"(anonymous_1)","decl":{"start":{"line":3,"column":20},"end":{"line":3,"column":21}},"loc":{"start":{"line":3,"column":30},"end":{"line":5,"column":3}},"line":3},"2":{"name":"sortArrayByNumberValueLowToHigh","decl":{"start":{"line":9,"column":34},"end":{"line":9,"column":65}},"loc":{"start":{"line":9,"column":78},"end":{"line":13,"column":1}},"line":9},"3":{"name":"(anonymous_3)","decl":{"start":{"line":10,"column":20},"end":{"line":10,"column":21}},"loc":{"start":{"line":10,"column":30},"end":{"line":12,"column":3}},"line":10}},"branchMap":{},"s":{"0":0,"1":0,"2":0,"3":0,"4":0,"5":0},"f":{"0":0,"1":0,"2":0,"3":0},"b":{}}
,"C:\\Users\\natha\\Documents\\CS464-Group-Project\\react_client\\src\\modules\\themes.js": {"path":"C:\\Users\\natha\\Documents\\CS464-Group-Project\\react_client\\src\\modules\\themes.js","statementMap":{"0":{"start":{"line":2,"column":29},"end":{"line":4,"column":1}},"1":{"start":{"line":3,"column":2},"end":{"line":3,"column":93}},"2":{"start":{"line":8,"column":25},"end":{"line":16,"column":1}},"3":{"start":{"line":9,"column":2},"end":{"line":15,"column":3}},"4":{"start":{"line":10,"column":4},"end":{"line":10,"column":22}},"5":{"start":{"line":11,"column":9},"end":{"line":15,"column":3}},"6":{"start":{"line":12,"column":4},"end":{"line":12,"column":22}},"7":{"start":{"line":14,"column":4},"end":{"line":14,"column":24}}},"fnMap":{"0":{"name":"fetchCryptoImagePngIcon","decl":{"start":{"line":2,"column":38},"end":{"line":2,"column":61}},"loc":{"start":{"line":2,"column":69},"end":{"line":4,"column":1}},"line":2},"1":{"name":"bootstrapTextColor","decl":{"start":{"line":8,"column":34},"end":{"line":8,"column":52}},"loc":{"start":{"line":8,"column":60},"end":{"line":16,"column":1}},"line":8}},"branchMap":{"0":{"loc":{"start":{"line":9,"column":2},"end":{"line":15,"column":3}},"type":"if","locations":[{"start":{"line":9,"column":2},"end":{"line":15,"column":3}},{"start":{"line":11,"column":9},"end":{"line":15,"column":3}}],"line":9},"1":{"loc":{"start":{"line":11,"column":9},"end":{"line":15,"column":3}},"type":"if","locations":[{"start":{"line":11,"column":9},"end":{"line":15,"column":3}},{"start":{"line":13,"column":9},"end":{"line":15,"column":3}}],"line":11}},"s":{"0":0,"1":0,"2":0,"3":0,"4":0,"5":0,"6":0,"7":0},"f":{"0":0,"1":0},"b":{"0":[0,0],"1":[0,0]}}
,"C:\\Users\\natha\\Documents\\CS464-Group-Project\\react_client\\src\\modules\\utility.js": {"path":"C:\\Users\\natha\\Documents\\CS464-Group-Project\\react_client\\src\\modules\\utility.js","statementMap":{"0":{"start":{"line":4,"column":31},"end":{"line":9,"column":1}},"1":{"start":{"line":5,"column":2},"end":{"line":5,"column":26}},"2":{"start":{"line":5,"column":14},"end":{"line":5,"column":26}},"3":{"start":{"line":6,"column":2},"end":{"line":8,"column":42}},"4":{"start":{"line":12,"column":36},"end":{"line":14,"column":1}},"5":{"start":{"line":13,"column":2},"end":{"line":13,"column":45}}},"fnMap":{"0":{"name":"setValueToFixedPrecision","decl":{"start":{"line":4,"column":40},"end":{"line":4,"column":64}},"loc":{"start":{"line":4,"column":72},"end":{"line":9,"column":1}},"line":4},"1":{"name":"setPercentageValueFixedTwo","decl":{"start":{"line":12,"column":45},"end":{"line":12,"column":71}},"loc":{"start":{"line":12,"column":79},"end":{"line":14,"column":1}},"line":12}},"branchMap":{"0":{"loc":{"start":{"line":5,"column":2},"end":{"line":5,"column":26}},"type":"if","locations":[{"start":{"line":5,"column":2},"end":{"line":5,"column":26}},{"start":{},"end":{}}],"line":5},"1":{"loc":{"start":{"line":6,"column":9},"end":{"line":8,"column":41}},"type":"cond-expr","locations":[{"start":{"line":7,"column":6},"end":{"line":7,"column":41}},{"start":{"line":8,"column":6},"end":{"line":8,"column":41}}],"line":6}},"s":{"0":0,"1":0,"2":0,"3":0,"4":0,"5":0},"f":{"0":0,"1":0},"b":{"0":[0,0],"1":[0,0]}}
,"C:\\Users\\natha\\Documents\\CS464-Group-Project\\react_client\\src\\pages\\Main.jsx": {"path":"C:\\Users\\natha\\Documents\\CS464-Group-Project\\react_client\\src\\pages\\Main.jsx","statementMap":{"0":{"start":{"line":16,"column":32},"end":{"line":16,"column":51}},"1":{"start":{"line":17,"column":36},"end":{"line":17,"column":55}},"2":{"start":{"line":19,"column":26},"end":{"line":35,"column":3}},"3":{"start":{"line":20,"column":4},"end":{"line":20,"column":23}},"4":{"start":{"line":21,"column":4},"end":{"line":34,"column":5}},"5":{"start":{"line":23,"column":8},"end":{"line":23,"column":32}},"6":{"start":{"line":24,"column":8},"end":{"line":24,"column":14}},"7":{"start":{"line":26,"column":8},"end":{"line":26,"column":46}},"8":{"start":{"line":27,"column":8},"end":{"line":27,"column":14}},"9":{"start":{"line":29,"column":8},"end":{"line":29,"column":53}},"10":{"start":{"line":30,"column":8},"end":{"line":30,"column":14}},"11":{"start":{"line":32,"column":8},"end":{"line":32,"column":31}},"12":{"start":{"line":33,"column":8},"end":{"line":33,"column":14}},"13":{"start":{"line":37,"column":26},"end":{"line":50,"column":3}},"14":{"start":{"line":38,"column":4},"end":{"line":38,"column":23}},"15":{"start":{"line":39,"column":4},"end":{"line":49,"column":5}},"16":{"start":{"line":41,"column":8},"end":{"line":41,"column":30}},"17":{"start":{"line":42,"column":8},"end":{"line":42,"column":14}},"18":{"start":{"line":44,"column":8},"end":{"line":44,"column":30}},"19":{"start":{"line":45,"column":8},"end":{"line":45,"column":14}},"20":{"start":{"line":47,"column":8},"end":{"line":47,"column":30}},"21":{"start":{"line":48,"column":8},"end":{"line":48,"column":14}},"22":{"start":{"line":52,"column":2},"end":{"line":70,"column":4}}},"fnMap":{"0":{"name":"Main","decl":{"start":{"line":15,"column":9},"end":{"line":15,"column":13}},"loc":{"start":{"line":15,"column":16},"end":{"line":71,"column":1}},"line":15},"1":{"name":"(anonymous_1)","decl":{"start":{"line":19,"column":26},"end":{"line":19,"column":27}},"loc":{"start":{"line":19,"column":40},"end":{"line":35,"column":3}},"line":19},"2":{"name":"(anonymous_2)","decl":{"start":{"line":37,"column":26},"end":{"line":37,"column":27}},"loc":{"start":{"line":37,"column":40},"end":{"line":50,"column":3}},"line":37}},"branchMap":{"0":{"loc":{"start":{"line":21,"column":4},"end":{"line":34,"column":5}},"type":"switch","locations":[{"start":{"line":22,"column":6},"end":{"line":24,"column":14}},{"start":{"line":25,"column":6},"end":{"line":27,"column":14}},{"start":{"line":28,"column":6},"end":{"line":30,"column":14}},{"start":{"line":31,"column":6},"end":{"line":33,"column":14}}],"line":21},"1":{"loc":{"start":{"line":39,"column":4},"end":{"line":49,"column":5}},"type":"switch","locations":[{"start":{"line":40,"column":6},"end":{"line":42,"column":14}},{"start":{"line":43,"column":6},"end":{"line":45,"column":14}},{"start":{"line":46,"column":6},"end":{"line":48,"column":14}}],"line":39}},"s":{"0":0,"1":0,"2":0,"3":0,"4":0,"5":0,"6":0,"7":0,"8":0,"9":0,"10":0,"11":0,"12":0,"13":0,"14":0,"15":0,"16":0,"17":0,"18":0,"19":0,"20":0,"21":0,"22":0},"f":{"0":0,"1":0,"2":0},"b":{"0":[0,0,0,0],"1":[0,0,0]}}
}
