TN:
SF:src\App.jsx
FN:14,App
FNF:1
FNH:0
FNDA:0,App
DA:15,0
LF:1
LH:0
BRF:0
BRH:0
end_of_record
TN:
SF:src\main.jsx
FNF:0
FNH:0
DA:9,0
LF:1
LH:0
BRF:0
BRH:0
end_of_record
TN:
SF:src\api\expressQueryAPI.jsx
FN:5,expressQueryAPI
FN:16,(anonymous_1)
FN:19,(anonymous_2)
FNF:3
FNH:0
FNDA:0,expressQueryAPI
FNDA:0,(anonymous_1)
FNDA:0,(anonymous_2)
DA:3,0
DA:6,0
DA:7,0
DA:17,0
DA:20,0
DA:23,0
LF:6
LH:0
BRF:0
BRH:0
end_of_record
TN:
SF:src\api\localStateAPI.jsx
FN:4,getLocalState
FN:12,(anonymous_1)
FN:19,(anonymous_2)
FN:26,postLocalState
FN:37,(anonymous_4)
FN:40,(anonymous_5)
FNF:6
FNH:0
FNDA:0,getLocalState
FNDA:0,(anonymous_1)
FNDA:0,(anonymous_2)
FNDA:0,postLocalState
FNDA:0,(anonymous_4)
FNDA:0,(anonymous_5)
DA:10,0
DA:13,0
DA:14,0
DA:15,0
DA:16,0
DA:17,0
DA:20,0
DA:21,0
DA:27,0
DA:38,0
DA:41,0
LF:11
LH:0
BRF:0
BRH:0
end_of_record
TN:
SF:src\components\Header.jsx
FN:8,Header
FNF:1
FNH:0
FNDA:0,Header
DA:9,0
LF:1
LH:0
BRF:0
BRH:0
end_of_record
TN:
SF:src\components\Sidebar.jsx
FN:12,Sidebar
FN:26,(anonymous_1)
FN:29,(anonymous_2)
FN:36,(anonymous_3)
FN:39,(anonymous_4)
FN:46,(anonymous_5)
FN:49,(anonymous_6)
FN:59,(anonymous_7)
FN:62,(anonymous_8)
FN:69,(anonymous_9)
FN:72,(anonymous_10)
FNF:11
FNH:0
FNDA:0,Sidebar
FNDA:0,(anonymous_1)
FNDA:0,(anonymous_2)
FNDA:0,(anonymous_3)
FNDA:0,(anonymous_4)
FNDA:0,(anonymous_5)
FNDA:0,(anonymous_6)
FNDA:0,(anonymous_7)
FNDA:0,(anonymous_8)
FNDA:0,(anonymous_9)
FNDA:0,(anonymous_10)
DA:13,0
DA:14,0
DA:26,0
DA:29,0
DA:36,0
DA:39,0
DA:46,0
DA:49,0
DA:59,0
DA:62,0
DA:69,0
DA:72,0
LF:12
LH:0
BRDA:77,0,0,0
BRDA:77,0,1,0
BRDA:79,1,0,0
BRDA:79,1,1,0
BRDA:82,2,0,0
BRDA:82,2,1,0
BRF:6
BRH:0
end_of_record
TN:
SF:src\components\animation\Animation.jsx
FN:4,SpinAnimation
FNF:1
FNH:0
FNDA:0,SpinAnimation
DA:5,0
LF:1
LH:0
BRF:0
BRH:0
end_of_record
TN:
SF:src\components\card\Card.jsx
FN:23,decrementCardIndex
FN:29,incrementCardIndex
FN:39,Cards
FN:47,(anonymous_3)
FN:49,fetchData
FN:60,(anonymous_5)
FN:78,(anonymous_6)
FN:89,(anonymous_7)
FNF:8
FNH:0
FNDA:0,decrementCardIndex
FNDA:0,incrementCardIndex
FNDA:0,Cards
FNDA:0,(anonymous_3)
FNDA:0,fetchData
FNDA:0,(anonymous_5)
FNDA:0,(anonymous_6)
FNDA:0,(anonymous_7)
DA:23,0
DA:24,0
DA:25,0
DA:29,0
DA:34,0
DA:35,0
DA:40,0
DA:41,0
DA:42,0
DA:43,0
DA:44,0
DA:47,0
DA:48,0
DA:50,0
DA:51,0
DA:52,0
DA:53,0
DA:54,0
DA:57,0
DA:60,0
DA:61,0
DA:64,0
DA:65,0
DA:68,0
DA:78,0
DA:90,0
LF:26
LH:0
BRDA:24,0,0,0
BRDA:24,0,1,0
BRDA:34,1,0,0
BRDA:34,1,1,0
BRDA:52,2,0,0
BRDA:52,2,1,0
BRDA:52,3,0,0
BRDA:52,3,1,0
BRDA:64,4,0,0
BRDA:64,4,1,0
BRDA:70,5,0,0
BRDA:70,5,1,0
BRDA:74,6,0,0
BRDA:74,6,1,0
BRDA:85,7,0,0
BRDA:85,7,1,0
BRF:16
BRH:0
end_of_record
TN:
SF:src\components\card\modules\buildCards.jsx
FN:8,buildCardImage
FN:19,buildCardBody
FN:62,buildCryptoCards
FN:66,(anonymous_3)
FN:75,(anonymous_4)
FNF:5
FNH:0
FNDA:0,buildCardImage
FNDA:0,buildCardBody
FNDA:0,buildCryptoCards
FNDA:0,(anonymous_3)
FNDA:0,(anonymous_4)
DA:8,0
DA:9,0
DA:19,0
DA:20,0
DA:62,0
DA:63,0
DA:64,0
DA:66,0
DA:67,0
DA:75,0
DA:76,0
DA:77,0
DA:78,0
DA:80,0
LF:14
LH:0
BRDA:76,0,0,0
BRDA:76,0,1,0
BRDA:76,1,0,0
BRDA:76,1,1,0
BRF:4
BRH:0
end_of_record
TN:
SF:src\components\card\modules\combineData.js
FN:5,combineDataWithCryptoData
FN:11,(anonymous_1)
FN:14,(anonymous_2)
FNF:3
FNH:0
FNDA:0,combineDataWithCryptoData
FNDA:0,(anonymous_1)
FNDA:0,(anonymous_2)
DA:5,0
DA:10,0
DA:11,0
DA:12,0
DA:13,0
DA:14,0
DA:16,0
DA:29,0
LF:8
LH:0
BRF:0
BRH:0
end_of_record
TN:
SF:src\components\chart\Chart.jsx
FN:10,getRandomColorAbove100
FN:18,getRandomColor
FN:26,combineDataWithCryptoData
FN:32,(anonymous_3)
FN:35,(anonymous_4)
FN:52,DoughnutChart
FN:57,(anonymous_6)
FN:59,fetchData
FN:64,(anonymous_8)
FN:73,(anonymous_9)
FN:83,(anonymous_10)
FNF:11
FNH:0
FNDA:0,getRandomColorAbove100
FNDA:0,getRandomColor
FNDA:0,combineDataWithCryptoData
FNDA:0,(anonymous_3)
FNDA:0,(anonymous_4)
FNDA:0,DoughnutChart
FNDA:0,(anonymous_6)
FNDA:0,fetchData
FNDA:0,(anonymous_8)
FNDA:0,(anonymous_9)
FNDA:0,(anonymous_10)
DA:10,0
DA:11,0
DA:12,0
DA:13,0
DA:15,0
DA:19,0
DA:20,0
DA:21,0
DA:22,0
DA:23,0
DA:26,0
DA:31,0
DA:32,0
DA:33,0
DA:34,0
DA:35,0
DA:37,0
DA:49,0
DA:53,0
DA:54,0
DA:55,0
DA:57,0
DA:58,0
DA:60,0
DA:61,0
DA:62,0
DA:63,0
DA:64,0
DA:66,0
DA:67,0
DA:70,0
DA:73,0
DA:74,0
DA:77,0
DA:79,0
DA:80,0
DA:81,0
DA:83,0
DA:84,0
DA:85,0
DA:86,0
DA:89,0
DA:102,0
LF:43
LH:0
BRDA:62,0,0,0
BRDA:62,0,1,0
BRDA:62,1,0,0
BRDA:62,1,1,0
BRDA:104,2,0,0
BRDA:104,2,1,0
BRDA:105,3,0,0
BRDA:105,3,1,0
BRF:8
BRH:0
end_of_record
TN:
SF:src\components\chart\HistoricalLineChart.jsx
FN:31,HistoricalLineChart
FN:40,(anonymous_1)
FN:41,fetchData
FN:45,(anonymous_3)
FN:45,(anonymous_4)
FN:46,(anonymous_5)
FN:47,(anonymous_6)
FNF:7
FNH:0
FNDA:0,HistoricalLineChart
FNDA:0,(anonymous_1)
FNDA:0,fetchData
FNDA:0,(anonymous_3)
FNDA:0,(anonymous_4)
FNDA:0,(anonymous_5)
FNDA:0,(anonymous_6)
DA:19,0
DA:36,0
DA:37,0
DA:38,0
DA:40,0
DA:41,0
DA:42,0
DA:43,0
DA:44,0
DA:45,0
DA:46,0
DA:47,0
DA:49,0
DA:52,0
DA:55,0
DA:68,0
DA:85,0
LF:17
LH:0
BRDA:32,0,0,0
BRDA:33,1,0,0
BRDA:34,2,0,0
BRDA:44,3,0,0
BRDA:44,3,1,0
BRDA:87,4,0,0
BRDA:87,4,1,0
BRF:7
BRH:0
end_of_record
TN:
SF:src\components\chart\HistoricalLineChartCompTwo.jsx
FN:41,HistoricalLineChartCompTwo
FN:52,(anonymous_1)
FN:54,(anonymous_2)
FN:58,fetchChartData
FN:61,(anonymous_4)
FN:65,(anonymous_5)
FN:67,(anonymous_6)
FNF:7
FNH:0
FNDA:0,HistoricalLineChartCompTwo
FNDA:0,(anonymous_1)
FNDA:0,(anonymous_2)
FNDA:0,fetchChartData
FNDA:0,(anonymous_4)
FNDA:0,(anonymous_5)
FNDA:0,(anonymous_6)
DA:17,0
DA:28,0
DA:46,0
DA:47,0
DA:52,0
DA:53,0
DA:54,0
DA:55,0
DA:58,0
DA:59,0
DA:61,0
DA:62,0
DA:65,0
DA:67,0
DA:73,0
DA:77,0
DA:79,0
DA:81,0
DA:85,0
LF:19
LH:0
BRDA:42,0,0,0
BRDA:43,1,0,0
BRDA:44,2,0,0
BRDA:87,3,0,0
BRDA:87,3,1,0
BRF:5
BRH:0
end_of_record
TN:
SF:src\components\table\Table.jsx
FN:13,Table
FN:20,(anonymous_1)
FN:22,fetchData
FN:33,(anonymous_3)
FN:58,(anonymous_4)
FN:64,(anonymous_5)
FN:67,(anonymous_6)
FNF:7
FNH:0
FNDA:0,Table
FNDA:0,(anonymous_1)
FNDA:0,fetchData
FNDA:0,(anonymous_3)
FNDA:0,(anonymous_4)
FNDA:0,(anonymous_5)
FNDA:0,(anonymous_6)
DA:14,0
DA:15,0
DA:16,0
DA:17,0
DA:20,0
DA:21,0
DA:23,0
DA:24,0
DA:25,0
DA:26,0
DA:27,0
DA:30,0
DA:33,0
DA:34,0
DA:37,0
DA:59,0
DA:65,0
DA:68,0
LF:18
LH:0
BRDA:25,0,0,0
BRDA:25,0,1,0
BRDA:25,1,0,0
BRDA:25,1,1,0
BRDA:39,2,0,0
BRDA:39,2,1,0
BRDA:57,3,0,0
BRDA:57,3,1,0
BRF:8
BRH:0
end_of_record
TN:
SF:src\components\table\modules\TableHeaders.jsx
FN:11,(anonymous_0)
FN:15,(anonymous_1)
FN:24,(anonymous_2)
FNF:3
FNH:0
FNDA:0,(anonymous_0)
FNDA:0,(anonymous_1)
FNDA:0,(anonymous_2)
DA:11,0
DA:12,0
DA:14,0
DA:15,0
DA:16,0
DA:17,0
DA:19,0
DA:24,0
DA:31,0
LF:9
LH:0
BRDA:16,0,0,0
BRDA:16,0,1,0
BRF:2
BRH:0
end_of_record
TN:
SF:src\components\table\modules\TableIconDropDowns.jsx
FN:12,orderByTableView
FN:29,(anonymous_1)
FN:69,(anonymous_2)
FNF:3
FNH:0
FNDA:0,orderByTableView
FNDA:0,(anonymous_1)
FNDA:0,(anonymous_2)
DA:13,0
DA:15,0
DA:16,0
DA:17,0
DA:19,0
DA:29,0
DA:39,0
DA:69,0
LF:8
LH:0
BRDA:39,0,0,0
BRDA:39,0,1,0
BRF:2
BRH:0
end_of_record
TN:
SF:src\components\table\modules\combineTableData.js
FN:5,combineDataWithCryptoData
FN:12,(anonymous_1)
FN:15,(anonymous_2)
FNF:3
FNH:0
FNDA:0,combineDataWithCryptoData
FNDA:0,(anonymous_1)
FNDA:0,(anonymous_2)
DA:5,0
DA:11,0
DA:12,0
DA:13,0
DA:14,0
DA:15,0
DA:17,0
DA:30,0
DA:31,0
LF:9
LH:0
BRF:0
BRH:0
end_of_record
TN:
SF:src\components\table\modules\tableFormat.jsx
FN:8,formatCommaSeparatedNumber
FN:15,(anonymous_1)
FNF:2
FNH:0
FNDA:0,formatCommaSeparatedNumber
FNDA:0,(anonymous_1)
DA:8,0
DA:9,0
DA:10,0
DA:11,0
DA:15,0
DA:16,0
DA:18,0
DA:29,0
DA:31,0
DA:36,0
DA:46,0
DA:54,0
LF:12
LH:0
BRDA:11,0,0,0
BRDA:11,0,1,0
BRDA:16,1,0,0
BRDA:16,1,1,0
BRDA:16,1,2,0
BRDA:16,1,3,0
BRDA:16,1,4,0
BRDA:16,1,5,0
BRDA:16,1,6,0
BRDA:16,1,7,0
BRDA:16,1,8,0
BRDA:16,1,9,0
BRDA:36,2,0,0
BRDA:36,2,1,0
BRF:14
BRH:0
end_of_record
TN:
SF:src\components\table\modules\tableSort.js
FN:11,sortArrayByNumberValueHighToLow
FN:12,(anonymous_1)
FN:20,sortArrayByNumberValueLowToHigh
FN:21,(anonymous_3)
FN:29,sortArrayByCharacterValueHighToLow
FN:31,(anonymous_5)
FN:38,sortArrayByCharacterValueLowToHigh
FN:40,(anonymous_7)
FN:46,filterArrayByValue
FNF:9
FNH:0
FNDA:0,sortArrayByNumberValueHighToLow
FNDA:0,(anonymous_1)
FNDA:0,sortArrayByNumberValueLowToHigh
FNDA:0,(anonymous_3)
FNDA:0,sortArrayByCharacterValueHighToLow
FNDA:0,(anonymous_5)
FNDA:0,sortArrayByCharacterValueLowToHigh
FNDA:0,(anonymous_7)
FNDA:0,filterArrayByValue
DA:11,0
DA:12,0
DA:13,0
DA:15,0
DA:16,0
DA:20,0
DA:21,0
DA:22,0
DA:24,0
DA:25,0
DA:29,0
DA:30,0
DA:31,0
DA:32,0
DA:34,0
DA:38,0
DA:39,0
DA:40,0
DA:41,0
DA:43,0
DA:46,0
DA:53,0
DA:55,0
DA:56,0
DA:58,0
DA:60,0
DA:62,0
DA:63,0
DA:65,0
DA:67,0
DA:69,0
LF:31
LH:0
BRDA:53,0,0,0
BRDA:53,0,1,0
BRDA:55,1,0,0
BRDA:55,1,1,0
BRDA:62,2,0,0
BRDA:62,2,1,0
BRF:6
BRH:0
end_of_record
TN:
SF:src\components\table\modules\utility.js
FN:4,totalGivenData
FN:6,(anonymous_1)
FNF:2
FNH:0
FNDA:0,totalGivenData
FNDA:0,(anonymous_1)
DA:4,0
DA:5,0
DA:6,0
DA:7,0
DA:9,0
LF:5
LH:0
BRF:0
BRH:0
end_of_record
TN:
SF:src\context(s)\AuthContext.jsx
FN:5,(anonymous_0)
FN:9,(anonymous_1)
FN:12,(anonymous_2)
FN:17,(anonymous_3)
FNF:4
FNH:0
FNDA:0,(anonymous_0)
FNDA:0,(anonymous_1)
FNDA:0,(anonymous_2)
FNDA:0,(anonymous_3)
DA:3,0
DA:5,0
DA:6,0
DA:9,0
DA:10,0
DA:12,0
DA:13,0
DA:14,0
DA:17,0
DA:18,0
DA:19,0
DA:22,0
DA:28,0
LF:13
LH:0
BRF:0
BRH:0
end_of_record
TN:
SF:src\modules\sortArray.js
FN:2,sortArrayByNumberValueHighToLow
FN:3,(anonymous_1)
FN:9,sortArrayByNumberValueLowToHigh
FN:10,(anonymous_3)
FNF:4
FNH:0
FNDA:0,sortArrayByNumberValueHighToLow
FNDA:0,(anonymous_1)
FNDA:0,sortArrayByNumberValueLowToHigh
FNDA:0,(anonymous_3)
DA:2,0
DA:3,0
DA:4,0
DA:9,0
DA:10,0
DA:11,0
LF:6
LH:0
BRF:0
BRH:0
end_of_record
TN:
SF:src\modules\themes.js
FN:2,fetchCryptoImagePngIcon
FN:8,bootstrapTextColor
FNF:2
FNH:0
FNDA:0,fetchCryptoImagePngIcon
FNDA:0,bootstrapTextColor
DA:2,0
DA:3,0
DA:8,0
DA:9,0
DA:10,0
DA:11,0
DA:12,0
DA:14,0
LF:8
LH:0
BRDA:9,0,0,0
BRDA:9,0,1,0
BRDA:11,1,0,0
BRDA:11,1,1,0
BRF:4
BRH:0
end_of_record
TN:
SF:src\modules\utility.js
FN:4,setValueToFixedPrecision
FN:12,setPercentageValueFixedTwo
FNF:2
FNH:0
FNDA:0,setValueToFixedPrecision
FNDA:0,setPercentageValueFixedTwo
DA:4,0
DA:5,0
DA:6,0
DA:12,0
DA:13,0
LF:5
LH:0
BRDA:5,0,0,0
BRDA:5,0,1,0
BRDA:6,1,0,0
BRDA:6,1,1,0
BRF:4
BRH:0
end_of_record
TN:
SF:src\pages\Main.jsx
FN:15,Main
FN:19,(anonymous_1)
FN:37,(anonymous_2)
FNF:3
FNH:0
FNDA:0,Main
FNDA:0,(anonymous_1)
FNDA:0,(anonymous_2)
DA:16,0
DA:17,0
DA:19,0
DA:20,0
DA:21,0
DA:23,0
DA:24,0
DA:26,0
DA:27,0
DA:29,0
DA:30,0
DA:32,0
DA:33,0
DA:37,0
DA:38,0
DA:39,0
DA:41,0
DA:42,0
DA:44,0
DA:45,0
DA:47,0
DA:48,0
DA:52,0
LF:23
LH:0
BRDA:21,0,0,0
BRDA:21,0,1,0
BRDA:21,0,2,0
BRDA:21,0,3,0
BRDA:39,1,0,0
BRDA:39,1,1,0
BRDA:39,1,2,0
BRF:7
BRH:0
end_of_record
