TN:
SF:src\App.jsx
FN:15,App
FNF:1
FNH:0
FNDA:0,App
DA:16,0
LF:1
LH:0
BRF:0
BRH:0
end_of_record
TN:
SF:src\main.jsx
FNF:0
FNH:0
DA:13,0
LF:1
LH:0
BRF:0
BRH:0
end_of_record
TN:
SF:src\api\expressQueryAPI.jsx
FN:22,expressQueryAPI
FN:33,(anonymous_1)
FN:36,(anonymous_2)
FNF:3
FNH:0
FNDA:0,expressQueryAPI
FNDA:0,(anonymous_1)
FNDA:0,(anonymous_2)
DA:23,0
DA:24,0
DA:34,0
DA:37,0
DA:40,0
LF:5
LH:0
BRF:0
BRH:0
end_of_record
TN:
SF:src\api\localStateAPI.jsx
FN:7,getLocalState
FN:15,(anonymous_1)
FN:22,(anonymous_2)
FN:29,postLocalState
FN:40,(anonymous_4)
FN:43,(anonymous_5)
FNF:6
FNH:0
FNDA:0,getLocalState
FNDA:0,(anonymous_1)
FNDA:0,(anonymous_2)
FNDA:0,postLocalState
FNDA:0,(anonymous_4)
FNDA:0,(anonymous_5)
DA:13,0
DA:16,0
DA:17,0
DA:18,0
DA:19,0
DA:20,0
DA:23,0
DA:24,0
DA:30,0
DA:41,0
DA:44,0
LF:11
LH:0
BRF:0
BRH:0
end_of_record
TN:
SF:src\components\Header.jsx
FN:8,Header
FNF:1
FNH:0
FNDA:0,Header
DA:9,0
LF:1
LH:0
BRF:0
BRH:0
end_of_record
TN:
SF:src\components\Sidebar.jsx
FN:4,Sidebar
FN:14,(anonymous_1)
FN:21,(anonymous_2)
FN:28,(anonymous_3)
FN:39,(anonymous_4)
FN:46,(anonymous_5)
FNF:6
FNH:0
FNDA:0,Sidebar
FNDA:0,(anonymous_1)
FNDA:0,(anonymous_2)
FNDA:0,(anonymous_3)
FNDA:0,(anonymous_4)
FNDA:0,(anonymous_5)
DA:5,0
DA:6,0
DA:14,0
DA:21,0
DA:28,0
DA:39,0
DA:46,0
LF:7
LH:0
BRDA:52,0,0,0
BRDA:52,0,1,0
BRDA:54,1,0,0
BRDA:54,1,1,0
BRDA:57,2,0,0
BRDA:57,2,1,0
BRF:6
BRH:0
end_of_record
TN:
SF:src\components\animation\Animation.jsx
FN:4,SpinAnimation
FNF:1
FNH:0
FNDA:0,SpinAnimation
DA:5,0
LF:1
LH:0
BRF:0
BRH:0
end_of_record
TN:
SF:src\components\card\Card.jsx
FN:23,decrementCardIndex
FN:29,incrementCardIndex
FN:39,Cards
FN:47,(anonymous_3)
FN:50,fetchData
FN:61,(anonymous_5)
FN:79,(anonymous_6)
FN:92,(anonymous_7)
FNF:8
FNH:0
FNDA:0,decrementCardIndex
FNDA:0,incrementCardIndex
FNDA:0,Cards
FNDA:0,(anonymous_3)
FNDA:0,fetchData
FNDA:0,(anonymous_5)
FNDA:0,(anonymous_6)
FNDA:0,(anonymous_7)
DA:23,0
DA:24,0
DA:25,0
DA:29,0
DA:34,0
DA:35,0
DA:40,0
DA:41,0
DA:42,0
DA:43,0
DA:44,0
DA:47,0
DA:48,0
DA:49,0
DA:51,0
DA:52,0
DA:53,0
DA:54,0
DA:55,0
DA:58,0
DA:61,0
DA:62,0
DA:65,0
DA:66,0
DA:69,0
DA:79,0
DA:93,0
LF:27
LH:0
BRDA:24,0,0,0
BRDA:24,0,1,0
BRDA:34,1,0,0
BRDA:34,1,1,0
BRDA:53,2,0,0
BRDA:53,2,1,0
BRDA:53,3,0,0
BRDA:53,3,1,0
BRDA:65,4,0,0
BRDA:65,4,1,0
BRDA:71,5,0,0
BRDA:71,5,1,0
BRDA:75,6,0,0
BRDA:75,6,1,0
BRDA:88,7,0,0
BRDA:88,7,1,0
BRF:16
BRH:0
end_of_record
TN:
SF:src\components\nav_layout\Layout.jsx
FN:26,(anonymous_0)
FNF:1
FNH:0
FNDA:0,(anonymous_0)
DA:26,0
DA:27,0
LF:2
LH:0
BRF:0
BRH:0
end_of_record
TN:
SF:src\context(s)\AuthContext.jsx
FN:5,(anonymous_0)
FN:9,(anonymous_1)
FN:12,(anonymous_2)
FN:17,(anonymous_3)
FNF:4
FNH:0
FNDA:0,(anonymous_0)
FNDA:0,(anonymous_1)
FNDA:0,(anonymous_2)
FNDA:0,(anonymous_3)
DA:3,0
DA:5,0
DA:6,0
DA:9,0
DA:10,0
DA:12,0
DA:13,0
DA:14,0
DA:17,0
DA:18,0
DA:19,0
DA:22,0
DA:28,0
LF:13
LH:0
BRF:0
BRH:0
end_of_record
TN:
SF:src\modules\sortArray.js
FN:2,sortArrayByNumberValueHighToLow
FN:4,(anonymous_1)
FN:10,sortArrayByNumberValueLowToHigh
FN:12,(anonymous_3)
FNF:4
FNH:0
FNDA:0,sortArrayByNumberValueHighToLow
FNDA:0,(anonymous_1)
FNDA:0,sortArrayByNumberValueLowToHigh
FNDA:0,(anonymous_3)
DA:2,0
DA:3,0
DA:4,0
DA:5,0
DA:10,0
DA:11,0
DA:12,0
DA:13,0
LF:8
LH:0
BRF:0
BRH:0
end_of_record
TN:
SF:src\modules\themes.js
FN:2,fetchCryptoImagePngIcon
FN:8,bootstrapTextColor
FNF:2
FNH:0
FNDA:0,fetchCryptoImagePngIcon
FNDA:0,bootstrapTextColor
DA:2,0
DA:3,0
DA:8,0
DA:9,0
DA:10,0
DA:11,0
DA:12,0
DA:14,0
LF:8
LH:0
BRDA:9,0,0,0
BRDA:9,0,1,0
BRDA:11,1,0,0
BRDA:11,1,1,0
BRF:4
BRH:0
end_of_record
TN:
SF:src\modules\utility.js
FN:4,setValueToFixedPrecision
FN:12,setPercentageValueFixedTwo
FNF:2
FNH:0
FNDA:0,setValueToFixedPrecision
FNDA:0,setPercentageValueFixedTwo
DA:4,0
DA:5,0
DA:6,0
DA:12,0
DA:13,0
LF:5
LH:0
BRDA:5,0,0,0
BRDA:5,0,1,0
BRDA:6,1,0,0
BRDA:6,1,1,0
BRF:4
BRH:0
end_of_record
TN:
SF:src\pages\Main.jsx
FN:15,Main
FN:19,(anonymous_1)
FN:37,(anonymous_2)
FNF:3
FNH:0
FNDA:0,Main
FNDA:0,(anonymous_1)
FNDA:0,(anonymous_2)
DA:16,0
DA:17,0
DA:19,0
DA:20,0
DA:21,0
DA:23,0
DA:24,0
DA:26,0
DA:27,0
DA:29,0
DA:30,0
DA:32,0
DA:33,0
DA:37,0
DA:38,0
DA:39,0
DA:41,0
DA:42,0
DA:44,0
DA:45,0
DA:47,0
DA:48,0
DA:52,0
LF:23
LH:0
BRDA:21,0,0,0
BRDA:21,0,1,0
BRDA:21,0,2,0
BRDA:21,0,3,0
BRDA:39,1,0,0
BRDA:39,1,1,0
BRDA:39,1,2,0
BRF:7
BRH:0
end_of_record
